2023-05-24 12:55:56,089 INFO org.hibernate.validator.internal.util.Version [background-preinit] HV000001: Hibernate Validator 8.0.0.Final
2023-05-24 12:55:56,103 INFO org.springframework.boot.StartupInfoLogger [main] Starting SpringReviewApplicationTests using Java 19.0.2 with PID 29488 (started by USER in E:\Projects\Java project\Spring with intelij\review-project)
2023-05-24 12:55:56,104 INFO org.springframework.boot.SpringApplication [main] No active profile set, falling back to 1 default profile: "default"
2023-05-24 12:55:56,709 INFO org.springframework.data.repository.config.RepositoryConfigurationDelegate [main] Bootstrapping Spring Data JPA repositories in DEFAULT mode.
2023-05-24 12:55:56,757 INFO org.springframework.data.repository.config.RepositoryConfigurationDelegate [main] Finished Spring Data repository scanning in 41 ms. Found 4 JPA repository interfaces.
2023-05-24 12:55:57,115 INFO org.flywaydb.core.internal.logging.slf4j.Slf4jLog [main] Flyway Community Edition 9.5.1 by Redgate
2023-05-24 12:55:57,115 INFO org.flywaydb.core.internal.logging.slf4j.Slf4jLog [main] See what's new here: https://flywaydb.org/documentation/learnmore/releaseNotes#9.5.1
2023-05-24 12:55:57,115 INFO org.flywaydb.core.internal.logging.slf4j.Slf4jLog [main] 
2023-05-24 12:55:57,122 INFO com.zaxxer.hikari.HikariDataSource [main] HikariPool-1 - Starting...
2023-05-24 12:55:57,454 INFO com.zaxxer.hikari.pool.HikariPool [main] HikariPool-1 - Added connection com.mysql.cj.jdbc.ConnectionImpl@62e73ab6
2023-05-24 12:55:57,456 INFO com.zaxxer.hikari.HikariDataSource [main] HikariPool-1 - Start completed.
2023-05-24 12:55:57,476 INFO org.flywaydb.core.internal.logging.slf4j.Slf4jLog [main] Database: jdbc:mysql://localhost:3306/hr-review (MySQL 8.0)
2023-05-24 12:55:57,534 INFO org.flywaydb.core.internal.logging.slf4j.Slf4jLog [main] Successfully validated 2 migrations (execution time 00:00.026s)
2023-05-24 12:55:57,543 INFO org.flywaydb.core.internal.logging.slf4j.Slf4jLog [main] Current version of schema `hr-review`: 1
2023-05-24 12:55:57,545 INFO org.flywaydb.core.internal.logging.slf4j.Slf4jLog [main] Schema `hr-review` is up to date. No migration necessary.
2023-05-24 12:55:57,616 INFO org.hibernate.jpa.internal.util.LogHelper [main] HHH000204: Processing PersistenceUnitInfo [name: default]
2023-05-24 12:55:57,672 INFO org.hibernate.Version [main] HHH000412: Hibernate ORM core version 6.1.7.Final
2023-05-24 12:55:57,897 INFO org.hibernate.engine.jdbc.dialect.internal.DialectFactoryImpl [main] HHH000400: Using dialect: org.hibernate.dialect.MariaDBDialect
2023-05-24 12:55:58,513 INFO org.hibernate.engine.transaction.jta.platform.internal.JtaPlatformInitiator [main] HHH000490: Using JtaPlatform implementation: [org.hibernate.engine.transaction.jta.platform.internal.NoJtaPlatform]
2023-05-24 12:55:58,520 INFO org.springframework.orm.jpa.AbstractEntityManagerFactoryBean [main] Initialized JPA EntityManagerFactory for persistence unit 'default'
2023-05-24 12:55:58,963 WARN org.springframework.boot.autoconfigure.orm.jpa.JpaBaseConfiguration$JpaWebConfiguration [main] spring.jpa.open-in-view is enabled by default. Therefore, database queries may be performed during view rendering. Explicitly configure spring.jpa.open-in-view to disable this warning
2023-05-24 12:55:59,637 INFO org.springframework.boot.StartupInfoLogger [main] Started SpringReviewApplicationTests in 3.794 seconds (process running for 4.484)
2023-05-24 12:55:59,897 INFO org.springframework.orm.jpa.AbstractEntityManagerFactoryBean [SpringApplicationShutdownHook] Closing JPA EntityManagerFactory for persistence unit 'default'
2023-05-24 12:55:59,899 INFO com.zaxxer.hikari.HikariDataSource [SpringApplicationShutdownHook] HikariPool-1 - Shutdown initiated...
2023-05-24 12:55:59,906 INFO com.zaxxer.hikari.HikariDataSource [SpringApplicationShutdownHook] HikariPool-1 - Shutdown completed.
2023-05-24 15:18:57,463 INFO org.hibernate.validator.internal.util.Version [background-preinit] HV000001: Hibernate Validator 8.0.0.Final
2023-05-24 15:18:57,476 INFO org.springframework.boot.StartupInfoLogger [main] Starting SpringReviewApplicationTests using Java 19.0.2 with PID 28264 (started by USER in E:\Projects\Java project\Spring with intelij\review-project)
2023-05-24 15:18:57,481 INFO org.springframework.boot.SpringApplication [main] No active profile set, falling back to 1 default profile: "default"
2023-05-24 15:18:58,099 INFO org.springframework.data.repository.config.RepositoryConfigurationDelegate [main] Bootstrapping Spring Data JPA repositories in DEFAULT mode.
2023-05-24 15:18:58,147 INFO org.springframework.data.repository.config.RepositoryConfigurationDelegate [main] Finished Spring Data repository scanning in 41 ms. Found 4 JPA repository interfaces.
2023-05-24 15:18:58,524 INFO org.flywaydb.core.internal.logging.slf4j.Slf4jLog [main] Flyway Community Edition 9.5.1 by Redgate
2023-05-24 15:18:58,524 INFO org.flywaydb.core.internal.logging.slf4j.Slf4jLog [main] See what's new here: https://flywaydb.org/documentation/learnmore/releaseNotes#9.5.1
2023-05-24 15:18:58,525 INFO org.flywaydb.core.internal.logging.slf4j.Slf4jLog [main] 
2023-05-24 15:18:58,533 INFO com.zaxxer.hikari.HikariDataSource [main] HikariPool-1 - Starting...
2023-05-24 15:18:58,874 INFO com.zaxxer.hikari.pool.HikariPool [main] HikariPool-1 - Added connection com.mysql.cj.jdbc.ConnectionImpl@63f9ddf9
2023-05-24 15:18:58,876 INFO com.zaxxer.hikari.HikariDataSource [main] HikariPool-1 - Start completed.
2023-05-24 15:18:58,898 INFO org.flywaydb.core.internal.logging.slf4j.Slf4jLog [main] Database: jdbc:mysql://localhost:3306/hr-review (MySQL 8.0)
2023-05-24 15:18:58,932 INFO org.flywaydb.core.internal.logging.slf4j.Slf4jLog [main] Successfully validated 2 migrations (execution time 00:00.016s)
2023-05-24 15:18:58,941 INFO org.flywaydb.core.internal.logging.slf4j.Slf4jLog [main] Current version of schema `hr-review`: 1
2023-05-24 15:18:58,942 INFO org.flywaydb.core.internal.logging.slf4j.Slf4jLog [main] Schema `hr-review` is up to date. No migration necessary.
2023-05-24 15:18:59,021 INFO org.hibernate.jpa.internal.util.LogHelper [main] HHH000204: Processing PersistenceUnitInfo [name: default]
2023-05-24 15:18:59,082 INFO org.hibernate.Version [main] HHH000412: Hibernate ORM core version 6.1.7.Final
2023-05-24 15:18:59,333 INFO org.hibernate.engine.jdbc.dialect.internal.DialectFactoryImpl [main] HHH000400: Using dialect: org.hibernate.dialect.MariaDBDialect
2023-05-24 15:18:59,951 INFO org.hibernate.engine.transaction.jta.platform.internal.JtaPlatformInitiator [main] HHH000490: Using JtaPlatform implementation: [org.hibernate.engine.transaction.jta.platform.internal.NoJtaPlatform]
2023-05-24 15:18:59,959 INFO org.springframework.orm.jpa.AbstractEntityManagerFactoryBean [main] Initialized JPA EntityManagerFactory for persistence unit 'default'
2023-05-24 15:19:00,431 WARN org.springframework.boot.autoconfigure.orm.jpa.JpaBaseConfiguration$JpaWebConfiguration [main] spring.jpa.open-in-view is enabled by default. Therefore, database queries may be performed during view rendering. Explicitly configure spring.jpa.open-in-view to disable this warning
2023-05-24 15:19:01,094 INFO org.springframework.boot.StartupInfoLogger [main] Started SpringReviewApplicationTests in 3.888 seconds (process running for 4.555)
2023-05-24 15:19:01,351 INFO org.springframework.orm.jpa.AbstractEntityManagerFactoryBean [SpringApplicationShutdownHook] Closing JPA EntityManagerFactory for persistence unit 'default'
2023-05-24 15:19:01,353 INFO com.zaxxer.hikari.HikariDataSource [SpringApplicationShutdownHook] HikariPool-1 - Shutdown initiated...
2023-05-24 15:19:01,360 INFO com.zaxxer.hikari.HikariDataSource [SpringApplicationShutdownHook] HikariPool-1 - Shutdown completed.
