2023-04-20 01:21:56,068 WARN com.zaxxer.hikari.pool.HikariPool$HouseKeeper [HikariPool-1 housekeeper] HikariPool-1 - Thread starvation or clock leap detected (housekeeper delta=4h36m6s35ms512µs700ns).
2023-04-20 01:22:50,406 INFO org.springframework.orm.jpa.AbstractEntityManagerFactoryBean [SpringApplicationShutdownHook] Closing JPA EntityManagerFactory for persistence unit 'default'
2023-04-20 01:22:50,407 INFO com.zaxxer.hikari.HikariDataSource [SpringApplicationShutdownHook] HikariPool-1 - Shutdown initiated...
2023-04-20 01:22:50,410 INFO com.zaxxer.hikari.HikariDataSource [SpringApplicationShutdownHook] HikariPool-1 - Shutdown completed.
2023-04-20 01:22:52,674 INFO org.hibernate.validator.internal.util.Version [background-preinit] HV000001: Hibernate Validator 8.0.0.Final
2023-04-20 01:22:52,702 INFO org.springframework.boot.StartupInfoLogger [main] Starting SpringReviewApplication using Java 19.0.2 with PID 4496 (E:\Projects\Java project\Spring with intelij\review-project\target\classes started by USER in E:\Projects\Java project\Spring with intelij\review-project)
2023-04-20 01:22:52,703 INFO org.springframework.boot.SpringApplication [main] No active profile set, falling back to 1 default profile: "default"
2023-04-20 01:22:53,158 INFO org.springframework.data.repository.config.RepositoryConfigurationDelegate [main] Bootstrapping Spring Data JPA repositories in DEFAULT mode.
2023-04-20 01:22:53,205 INFO org.springframework.data.repository.config.RepositoryConfigurationDelegate [main] Finished Spring Data repository scanning in 39 ms. Found 4 JPA repository interfaces.
2023-04-20 01:22:53,593 INFO org.springframework.boot.web.embedded.tomcat.TomcatWebServer [main] Tomcat initialized with port(s): 8080 (http)
2023-04-20 01:22:53,598 INFO org.apache.juli.logging.DirectJDKLog [main] Initializing ProtocolHandler ["http-nio-8080"]
2023-04-20 01:22:53,599 INFO org.apache.juli.logging.DirectJDKLog [main] Starting service [Tomcat]
2023-04-20 01:22:53,599 INFO org.apache.juli.logging.DirectJDKLog [main] Starting Servlet engine: [Apache Tomcat/10.1.7]
2023-04-20 01:22:53,649 INFO org.apache.juli.logging.DirectJDKLog [main] Initializing Spring embedded WebApplicationContext
2023-04-20 01:22:53,650 INFO org.springframework.boot.web.servlet.context.ServletWebServerApplicationContext [main] Root WebApplicationContext: initialization completed in 912 ms
2023-04-20 01:22:53,749 INFO org.hibernate.jpa.internal.util.LogHelper [main] HHH000204: Processing PersistenceUnitInfo [name: default]
2023-04-20 01:22:53,777 INFO org.hibernate.Version [main] HHH000412: Hibernate ORM core version 6.1.7.Final
2023-04-20 01:22:53,954 INFO com.zaxxer.hikari.HikariDataSource [main] HikariPool-1 - Starting...
2023-04-20 01:22:54,150 INFO com.zaxxer.hikari.pool.HikariPool [main] HikariPool-1 - Added connection com.mysql.cj.jdbc.ConnectionImpl@7c3c453b
2023-04-20 01:22:54,152 INFO com.zaxxer.hikari.HikariDataSource [main] HikariPool-1 - Start completed.
2023-04-20 01:22:54,180 INFO org.hibernate.engine.jdbc.dialect.internal.DialectFactoryImpl [main] HHH000400: Using dialect: org.hibernate.dialect.MariaDBDialect
2023-04-20 01:22:54,747 INFO org.hibernate.engine.transaction.jta.platform.internal.JtaPlatformInitiator [main] HHH000490: Using JtaPlatform implementation: [org.hibernate.engine.transaction.jta.platform.internal.NoJtaPlatform]
2023-04-20 01:22:54,754 INFO org.springframework.orm.jpa.AbstractEntityManagerFactoryBean [main] Initialized JPA EntityManagerFactory for persistence unit 'default'
2023-04-20 01:22:55,084 WARN org.springframework.boot.autoconfigure.orm.jpa.JpaBaseConfiguration$JpaWebConfiguration [main] spring.jpa.open-in-view is enabled by default. Therefore, database queries may be performed during view rendering. Explicitly configure spring.jpa.open-in-view to disable this warning
2023-04-20 01:22:55,282 INFO org.apache.juli.logging.DirectJDKLog [main] Starting ProtocolHandler ["http-nio-8080"]
2023-04-20 01:22:55,294 INFO org.springframework.boot.web.embedded.tomcat.TomcatWebServer [main] Tomcat started on port(s): 8080 (http) with context path ''
2023-04-20 01:22:55,300 INFO org.springframework.boot.StartupInfoLogger [main] Started SpringReviewApplication in 2.939 seconds (process running for 3.167)
2023-04-20 01:27:11,276 INFO org.springframework.orm.jpa.AbstractEntityManagerFactoryBean [SpringApplicationShutdownHook] Closing JPA EntityManagerFactory for persistence unit 'default'
2023-04-20 01:27:11,278 INFO com.zaxxer.hikari.HikariDataSource [SpringApplicationShutdownHook] HikariPool-1 - Shutdown initiated...
2023-04-20 01:27:11,284 INFO com.zaxxer.hikari.HikariDataSource [SpringApplicationShutdownHook] HikariPool-1 - Shutdown completed.
2023-04-20 01:27:13,504 INFO org.hibernate.validator.internal.util.Version [background-preinit] HV000001: Hibernate Validator 8.0.0.Final
2023-04-20 01:27:13,530 INFO org.springframework.boot.StartupInfoLogger [main] Starting SpringReviewApplication using Java 19.0.2 with PID 22624 (E:\Projects\Java project\Spring with intelij\review-project\target\classes started by USER in E:\Projects\Java project\Spring with intelij\review-project)
2023-04-20 01:27:13,531 INFO org.springframework.boot.SpringApplication [main] No active profile set, falling back to 1 default profile: "default"
2023-04-20 01:27:13,980 INFO org.springframework.data.repository.config.RepositoryConfigurationDelegate [main] Bootstrapping Spring Data JPA repositories in DEFAULT mode.
2023-04-20 01:27:14,028 INFO org.springframework.data.repository.config.RepositoryConfigurationDelegate [main] Finished Spring Data repository scanning in 40 ms. Found 4 JPA repository interfaces.
2023-04-20 01:27:14,426 INFO org.springframework.boot.web.embedded.tomcat.TomcatWebServer [main] Tomcat initialized with port(s): 8080 (http)
2023-04-20 01:27:14,432 INFO org.apache.juli.logging.DirectJDKLog [main] Initializing ProtocolHandler ["http-nio-8080"]
2023-04-20 01:27:14,432 INFO org.apache.juli.logging.DirectJDKLog [main] Starting service [Tomcat]
2023-04-20 01:27:14,433 INFO org.apache.juli.logging.DirectJDKLog [main] Starting Servlet engine: [Apache Tomcat/10.1.7]
2023-04-20 01:27:14,485 INFO org.apache.juli.logging.DirectJDKLog [main] Initializing Spring embedded WebApplicationContext
2023-04-20 01:27:14,486 INFO org.springframework.boot.web.servlet.context.ServletWebServerApplicationContext [main] Root WebApplicationContext: initialization completed in 925 ms
2023-04-20 01:27:14,577 INFO org.hibernate.jpa.internal.util.LogHelper [main] HHH000204: Processing PersistenceUnitInfo [name: default]
2023-04-20 01:27:14,612 INFO org.hibernate.Version [main] HHH000412: Hibernate ORM core version 6.1.7.Final
2023-04-20 01:27:14,798 INFO com.zaxxer.hikari.HikariDataSource [main] HikariPool-1 - Starting...
2023-04-20 01:27:14,980 INFO com.zaxxer.hikari.pool.HikariPool [main] HikariPool-1 - Added connection com.mysql.cj.jdbc.ConnectionImpl@34f23816
2023-04-20 01:27:14,981 INFO com.zaxxer.hikari.HikariDataSource [main] HikariPool-1 - Start completed.
2023-04-20 01:27:15,011 INFO org.hibernate.engine.jdbc.dialect.internal.DialectFactoryImpl [main] HHH000400: Using dialect: org.hibernate.dialect.MariaDBDialect
2023-04-20 01:27:15,589 INFO org.hibernate.engine.transaction.jta.platform.internal.JtaPlatformInitiator [main] HHH000490: Using JtaPlatform implementation: [org.hibernate.engine.transaction.jta.platform.internal.NoJtaPlatform]
2023-04-20 01:27:15,593 INFO org.springframework.orm.jpa.AbstractEntityManagerFactoryBean [main] Initialized JPA EntityManagerFactory for persistence unit 'default'
2023-04-20 01:27:15,910 WARN org.springframework.boot.autoconfigure.orm.jpa.JpaBaseConfiguration$JpaWebConfiguration [main] spring.jpa.open-in-view is enabled by default. Therefore, database queries may be performed during view rendering. Explicitly configure spring.jpa.open-in-view to disable this warning
2023-04-20 01:27:16,109 INFO org.apache.juli.logging.DirectJDKLog [main] Starting ProtocolHandler ["http-nio-8080"]
2023-04-20 01:27:16,123 INFO org.springframework.boot.web.embedded.tomcat.TomcatWebServer [main] Tomcat started on port(s): 8080 (http) with context path ''
2023-04-20 01:27:16,128 INFO org.springframework.boot.StartupInfoLogger [main] Started SpringReviewApplication in 2.939 seconds (process running for 3.169)
2023-04-20 01:27:39,419 INFO org.springframework.orm.jpa.AbstractEntityManagerFactoryBean [SpringApplicationShutdownHook] Closing JPA EntityManagerFactory for persistence unit 'default'
2023-04-20 01:27:39,420 INFO com.zaxxer.hikari.HikariDataSource [SpringApplicationShutdownHook] HikariPool-1 - Shutdown initiated...
2023-04-20 01:27:39,428 INFO com.zaxxer.hikari.HikariDataSource [SpringApplicationShutdownHook] HikariPool-1 - Shutdown completed.
2023-04-20 01:27:41,598 ERROR org.springframework.boot.SpringApplication [main] Application run failed
java.lang.IllegalStateException: java.lang.IllegalStateException: Logback configuration error detected: 
ERROR in ch.qos.logback.core.pattern.parser.Compiler@2f67b837 - There is no conversion class registered for composite conversion word [lightblue]
ERROR in ch.qos.logback.core.pattern.parser.Compiler@2f67b837 - Failed to create converter for [%lightblue] keyword
	at org.springframework.boot.context.logging.LoggingApplicationListener.initializeSystem(LoggingApplicationListener.java:347)
	at org.springframework.boot.context.logging.LoggingApplicationListener.initialize(LoggingApplicationListener.java:298)
	at org.springframework.boot.context.logging.LoggingApplicationListener.onApplicationEnvironmentPreparedEvent(LoggingApplicationListener.java:246)
	at org.springframework.boot.context.logging.LoggingApplicationListener.onApplicationEvent(LoggingApplicationListener.java:223)
	at org.springframework.context.event.SimpleApplicationEventMulticaster.doInvokeListener(SimpleApplicationEventMulticaster.java:176)
	at org.springframework.context.event.SimpleApplicationEventMulticaster.invokeListener(SimpleApplicationEventMulticaster.java:169)
	at org.springframework.context.event.SimpleApplicationEventMulticaster.multicastEvent(SimpleApplicationEventMulticaster.java:143)
	at org.springframework.context.event.SimpleApplicationEventMulticaster.multicastEvent(SimpleApplicationEventMulticaster.java:131)
	at org.springframework.boot.context.event.EventPublishingRunListener.multicastInitialEvent(EventPublishingRunListener.java:136)
	at org.springframework.boot.context.event.EventPublishingRunListener.environmentPrepared(EventPublishingRunListener.java:81)
	at org.springframework.boot.SpringApplicationRunListeners.lambda$environmentPrepared$2(SpringApplicationRunListeners.java:64)
	at java.base/java.lang.Iterable.forEach(Iterable.java:75)
	at org.springframework.boot.SpringApplicationRunListeners.doWithListeners(SpringApplicationRunListeners.java:118)
	at org.springframework.boot.SpringApplicationRunListeners.doWithListeners(SpringApplicationRunListeners.java:112)
	at org.springframework.boot.SpringApplicationRunListeners.environmentPrepared(SpringApplicationRunListeners.java:63)
	at org.springframework.boot.SpringApplication.prepareEnvironment(SpringApplication.java:354)
	at org.springframework.boot.SpringApplication.run(SpringApplication.java:305)
	at org.springframework.boot.SpringApplication.run(SpringApplication.java:1304)
	at org.springframework.boot.SpringApplication.run(SpringApplication.java:1293)
	at com.global.springreview.SpringReviewApplication.main(SpringReviewApplication.java:10)
Caused by: java.lang.IllegalStateException: Logback configuration error detected: 
ERROR in ch.qos.logback.core.pattern.parser.Compiler@2f67b837 - There is no conversion class registered for composite conversion word [lightblue]
ERROR in ch.qos.logback.core.pattern.parser.Compiler@2f67b837 - Failed to create converter for [%lightblue] keyword
	at org.springframework.boot.logging.logback.LogbackLoggingSystem.reportConfigurationErrorsIfNecessary(LogbackLoggingSystem.java:260)
	at org.springframework.boot.logging.logback.LogbackLoggingSystem.loadConfiguration(LogbackLoggingSystem.java:247)
	at org.springframework.boot.logging.AbstractLoggingSystem.initializeWithConventions(AbstractLoggingSystem.java:80)
	at org.springframework.boot.logging.AbstractLoggingSystem.initialize(AbstractLoggingSystem.java:60)
	at org.springframework.boot.logging.logback.LogbackLoggingSystem.initialize(LogbackLoggingSystem.java:187)
	at org.springframework.boot.context.logging.LoggingApplicationListener.initializeSystem(LoggingApplicationListener.java:332)
	... 19 common frames omitted
2023-04-20 01:27:47,976 INFO org.hibernate.validator.internal.util.Version [background-preinit] HV000001: Hibernate Validator 8.0.0.Final
2023-04-20 01:27:48,003 INFO org.springframework.boot.StartupInfoLogger [main] Starting SpringReviewApplication using Java 19.0.2 with PID 17104 (E:\Projects\Java project\Spring with intelij\review-project\target\classes started by USER in E:\Projects\Java project\Spring with intelij\review-project)
2023-04-20 01:27:48,004 INFO org.springframework.boot.SpringApplication [main] No active profile set, falling back to 1 default profile: "default"
2023-04-20 01:27:48,425 INFO org.springframework.data.repository.config.RepositoryConfigurationDelegate [main] Bootstrapping Spring Data JPA repositories in DEFAULT mode.
2023-04-20 01:27:48,474 INFO org.springframework.data.repository.config.RepositoryConfigurationDelegate [main] Finished Spring Data repository scanning in 44 ms. Found 4 JPA repository interfaces.
2023-04-20 01:27:48,864 INFO org.springframework.boot.web.embedded.tomcat.TomcatWebServer [main] Tomcat initialized with port(s): 8080 (http)
2023-04-20 01:27:48,874 INFO org.apache.juli.logging.DirectJDKLog [main] Initializing ProtocolHandler ["http-nio-8080"]
2023-04-20 01:27:48,874 INFO org.apache.juli.logging.DirectJDKLog [main] Starting service [Tomcat]
2023-04-20 01:27:48,874 INFO org.apache.juli.logging.DirectJDKLog [main] Starting Servlet engine: [Apache Tomcat/10.1.7]
2023-04-20 01:27:48,928 INFO org.apache.juli.logging.DirectJDKLog [main] Initializing Spring embedded WebApplicationContext
2023-04-20 01:27:48,929 INFO org.springframework.boot.web.servlet.context.ServletWebServerApplicationContext [main] Root WebApplicationContext: initialization completed in 896 ms
2023-04-20 01:27:49,027 INFO org.hibernate.jpa.internal.util.LogHelper [main] HHH000204: Processing PersistenceUnitInfo [name: default]
2023-04-20 01:27:49,054 INFO org.hibernate.Version [main] HHH000412: Hibernate ORM core version 6.1.7.Final
2023-04-20 01:27:49,249 INFO com.zaxxer.hikari.HikariDataSource [main] HikariPool-1 - Starting...
2023-04-20 01:27:49,438 INFO com.zaxxer.hikari.pool.HikariPool [main] HikariPool-1 - Added connection com.mysql.cj.jdbc.ConnectionImpl@26ffd2c0
2023-04-20 01:27:49,439 INFO com.zaxxer.hikari.HikariDataSource [main] HikariPool-1 - Start completed.
2023-04-20 01:27:49,465 INFO org.hibernate.engine.jdbc.dialect.internal.DialectFactoryImpl [main] HHH000400: Using dialect: org.hibernate.dialect.MariaDBDialect
2023-04-20 01:27:50,022 INFO org.hibernate.engine.transaction.jta.platform.internal.JtaPlatformInitiator [main] HHH000490: Using JtaPlatform implementation: [org.hibernate.engine.transaction.jta.platform.internal.NoJtaPlatform]
2023-04-20 01:27:50,027 INFO org.springframework.orm.jpa.AbstractEntityManagerFactoryBean [main] Initialized JPA EntityManagerFactory for persistence unit 'default'
2023-04-20 01:27:50,339 WARN org.springframework.boot.autoconfigure.orm.jpa.JpaBaseConfiguration$JpaWebConfiguration [main] spring.jpa.open-in-view is enabled by default. Therefore, database queries may be performed during view rendering. Explicitly configure spring.jpa.open-in-view to disable this warning
2023-04-20 01:27:50,547 INFO org.apache.juli.logging.DirectJDKLog [main] Starting ProtocolHandler ["http-nio-8080"]
2023-04-20 01:27:50,560 INFO org.springframework.boot.web.embedded.tomcat.TomcatWebServer [main] Tomcat started on port(s): 8080 (http) with context path ''
2023-04-20 01:27:50,566 INFO org.springframework.boot.StartupInfoLogger [main] Started SpringReviewApplication in 2.915 seconds (process running for 3.153)
2023-04-20 01:28:23,682 INFO org.springframework.orm.jpa.AbstractEntityManagerFactoryBean [SpringApplicationShutdownHook] Closing JPA EntityManagerFactory for persistence unit 'default'
2023-04-20 01:28:23,683 INFO com.zaxxer.hikari.HikariDataSource [SpringApplicationShutdownHook] HikariPool-1 - Shutdown initiated...
2023-04-20 01:28:23,689 INFO com.zaxxer.hikari.HikariDataSource [SpringApplicationShutdownHook] HikariPool-1 - Shutdown completed.
2023-04-20 01:28:25,325 INFO org.hibernate.validator.internal.util.Version [background-preinit] HV000001: Hibernate Validator 8.0.0.Final
2023-04-20 01:28:25,350 INFO org.springframework.boot.StartupInfoLogger [main] Starting SpringReviewApplication using Java 19.0.2 with PID 10456 (E:\Projects\Java project\Spring with intelij\review-project\target\classes started by USER in E:\Projects\Java project\Spring with intelij\review-project)
2023-04-20 01:28:25,351 INFO org.springframework.boot.SpringApplication [main] No active profile set, falling back to 1 default profile: "default"
2023-04-20 01:28:25,799 INFO org.springframework.data.repository.config.RepositoryConfigurationDelegate [main] Bootstrapping Spring Data JPA repositories in DEFAULT mode.
2023-04-20 01:28:25,841 INFO org.springframework.data.repository.config.RepositoryConfigurationDelegate [main] Finished Spring Data repository scanning in 38 ms. Found 4 JPA repository interfaces.
2023-04-20 01:28:26,260 INFO org.springframework.boot.web.embedded.tomcat.TomcatWebServer [main] Tomcat initialized with port(s): 8080 (http)
2023-04-20 01:28:26,266 INFO org.apache.juli.logging.DirectJDKLog [main] Initializing ProtocolHandler ["http-nio-8080"]
2023-04-20 01:28:26,267 INFO org.apache.juli.logging.DirectJDKLog [main] Starting service [Tomcat]
2023-04-20 01:28:26,267 INFO org.apache.juli.logging.DirectJDKLog [main] Starting Servlet engine: [Apache Tomcat/10.1.7]
2023-04-20 01:28:26,322 INFO org.apache.juli.logging.DirectJDKLog [main] Initializing Spring embedded WebApplicationContext
2023-04-20 01:28:26,323 INFO org.springframework.boot.web.servlet.context.ServletWebServerApplicationContext [main] Root WebApplicationContext: initialization completed in 940 ms
2023-04-20 01:28:26,420 INFO org.hibernate.jpa.internal.util.LogHelper [main] HHH000204: Processing PersistenceUnitInfo [name: default]
2023-04-20 01:28:26,451 INFO org.hibernate.Version [main] HHH000412: Hibernate ORM core version 6.1.7.Final
2023-04-20 01:28:26,645 INFO com.zaxxer.hikari.HikariDataSource [main] HikariPool-1 - Starting...
2023-04-20 01:28:26,836 INFO com.zaxxer.hikari.pool.HikariPool [main] HikariPool-1 - Added connection com.mysql.cj.jdbc.ConnectionImpl@34f23816
2023-04-20 01:28:26,838 INFO com.zaxxer.hikari.HikariDataSource [main] HikariPool-1 - Start completed.
2023-04-20 01:28:26,875 INFO org.hibernate.engine.jdbc.dialect.internal.DialectFactoryImpl [main] HHH000400: Using dialect: org.hibernate.dialect.MariaDBDialect
2023-04-20 01:28:27,437 INFO org.hibernate.engine.transaction.jta.platform.internal.JtaPlatformInitiator [main] HHH000490: Using JtaPlatform implementation: [org.hibernate.engine.transaction.jta.platform.internal.NoJtaPlatform]
2023-04-20 01:28:27,442 INFO org.springframework.orm.jpa.AbstractEntityManagerFactoryBean [main] Initialized JPA EntityManagerFactory for persistence unit 'default'
2023-04-20 01:28:27,740 WARN org.springframework.boot.autoconfigure.orm.jpa.JpaBaseConfiguration$JpaWebConfiguration [main] spring.jpa.open-in-view is enabled by default. Therefore, database queries may be performed during view rendering. Explicitly configure spring.jpa.open-in-view to disable this warning
2023-04-20 01:28:27,952 INFO org.apache.juli.logging.DirectJDKLog [main] Starting ProtocolHandler ["http-nio-8080"]
2023-04-20 01:28:27,965 INFO org.springframework.boot.web.embedded.tomcat.TomcatWebServer [main] Tomcat started on port(s): 8080 (http) with context path ''
2023-04-20 01:28:27,970 INFO org.springframework.boot.StartupInfoLogger [main] Started SpringReviewApplication in 2.99 seconds (process running for 3.248)
2023-04-20 01:31:42,212 INFO org.springframework.orm.jpa.AbstractEntityManagerFactoryBean [SpringApplicationShutdownHook] Closing JPA EntityManagerFactory for persistence unit 'default'
2023-04-20 01:31:42,213 INFO com.zaxxer.hikari.HikariDataSource [SpringApplicationShutdownHook] HikariPool-1 - Shutdown initiated...
2023-04-20 01:31:42,219 INFO com.zaxxer.hikari.HikariDataSource [SpringApplicationShutdownHook] HikariPool-1 - Shutdown completed.
2023-04-20 01:31:43,795 ERROR org.springframework.boot.SpringApplication [main] Application run failed
java.lang.IllegalStateException: java.lang.IllegalStateException: Logback configuration error detected: 
ERROR in ch.qos.logback.core.joran.util.PropertySetter@1869fbd2 - A "ch.qos.logback.classic.PatternLayout" object is not assignable to a "ch.qos.logback.core.encoder.Encoder" variable.
ERROR in ch.qos.logback.core.joran.util.PropertySetter@1869fbd2 - The class "ch.qos.logback.core.encoder.Encoder" was loaded by 
ERROR in ch.qos.logback.core.joran.util.PropertySetter@1869fbd2 - [jdk.internal.loader.ClassLoaders$AppClassLoader@4d7e1886] whereas object of type 
ERROR in ch.qos.logback.core.joran.util.PropertySetter@1869fbd2 - "ch.qos.logback.classic.PatternLayout" was loaded by [jdk.internal.loader.ClassLoaders$AppClassLoader@4d7e1886].
ERROR in ch.qos.logback.core.ConsoleAppender[Console] - No encoder set for the appender named "Console".
	at org.springframework.boot.context.logging.LoggingApplicationListener.initializeSystem(LoggingApplicationListener.java:347)
	at org.springframework.boot.context.logging.LoggingApplicationListener.initialize(LoggingApplicationListener.java:298)
	at org.springframework.boot.context.logging.LoggingApplicationListener.onApplicationEnvironmentPreparedEvent(LoggingApplicationListener.java:246)
	at org.springframework.boot.context.logging.LoggingApplicationListener.onApplicationEvent(LoggingApplicationListener.java:223)
	at org.springframework.context.event.SimpleApplicationEventMulticaster.doInvokeListener(SimpleApplicationEventMulticaster.java:176)
	at org.springframework.context.event.SimpleApplicationEventMulticaster.invokeListener(SimpleApplicationEventMulticaster.java:169)
	at org.springframework.context.event.SimpleApplicationEventMulticaster.multicastEvent(SimpleApplicationEventMulticaster.java:143)
	at org.springframework.context.event.SimpleApplicationEventMulticaster.multicastEvent(SimpleApplicationEventMulticaster.java:131)
	at org.springframework.boot.context.event.EventPublishingRunListener.multicastInitialEvent(EventPublishingRunListener.java:136)
	at org.springframework.boot.context.event.EventPublishingRunListener.environmentPrepared(EventPublishingRunListener.java:81)
	at org.springframework.boot.SpringApplicationRunListeners.lambda$environmentPrepared$2(SpringApplicationRunListeners.java:64)
	at java.base/java.lang.Iterable.forEach(Iterable.java:75)
	at org.springframework.boot.SpringApplicationRunListeners.doWithListeners(SpringApplicationRunListeners.java:118)
	at org.springframework.boot.SpringApplicationRunListeners.doWithListeners(SpringApplicationRunListeners.java:112)
	at org.springframework.boot.SpringApplicationRunListeners.environmentPrepared(SpringApplicationRunListeners.java:63)
	at org.springframework.boot.SpringApplication.prepareEnvironment(SpringApplication.java:354)
	at org.springframework.boot.SpringApplication.run(SpringApplication.java:305)
	at org.springframework.boot.SpringApplication.run(SpringApplication.java:1304)
	at org.springframework.boot.SpringApplication.run(SpringApplication.java:1293)
	at com.global.springreview.SpringReviewApplication.main(SpringReviewApplication.java:10)
Caused by: java.lang.IllegalStateException: Logback configuration error detected: 
ERROR in ch.qos.logback.core.joran.util.PropertySetter@1869fbd2 - A "ch.qos.logback.classic.PatternLayout" object is not assignable to a "ch.qos.logback.core.encoder.Encoder" variable.
ERROR in ch.qos.logback.core.joran.util.PropertySetter@1869fbd2 - The class "ch.qos.logback.core.encoder.Encoder" was loaded by 
ERROR in ch.qos.logback.core.joran.util.PropertySetter@1869fbd2 - [jdk.internal.loader.ClassLoaders$AppClassLoader@4d7e1886] whereas object of type 
ERROR in ch.qos.logback.core.joran.util.PropertySetter@1869fbd2 - "ch.qos.logback.classic.PatternLayout" was loaded by [jdk.internal.loader.ClassLoaders$AppClassLoader@4d7e1886].
ERROR in ch.qos.logback.core.ConsoleAppender[Console] - No encoder set for the appender named "Console".
	at org.springframework.boot.logging.logback.LogbackLoggingSystem.reportConfigurationErrorsIfNecessary(LogbackLoggingSystem.java:260)
	at org.springframework.boot.logging.logback.LogbackLoggingSystem.loadConfiguration(LogbackLoggingSystem.java:247)
	at org.springframework.boot.logging.AbstractLoggingSystem.initializeWithConventions(AbstractLoggingSystem.java:80)
	at org.springframework.boot.logging.AbstractLoggingSystem.initialize(AbstractLoggingSystem.java:60)
	at org.springframework.boot.logging.logback.LogbackLoggingSystem.initialize(LogbackLoggingSystem.java:187)
	at org.springframework.boot.context.logging.LoggingApplicationListener.initializeSystem(LoggingApplicationListener.java:332)
	... 19 common frames omitted
2023-04-20 01:32:55,856 INFO org.hibernate.validator.internal.util.Version [background-preinit] HV000001: Hibernate Validator 8.0.0.Final
2023-04-20 01:32:55,886 INFO org.springframework.boot.StartupInfoLogger [main] Starting SpringReviewApplication using Java 19.0.2 with PID 12792 (E:\Projects\Java project\Spring with intelij\review-project\target\classes started by USER in E:\Projects\Java project\Spring with intelij\review-project)
2023-04-20 01:32:55,887 INFO org.springframework.boot.SpringApplication [main] No active profile set, falling back to 1 default profile: "default"
2023-04-20 01:32:56,296 INFO org.springframework.data.repository.config.RepositoryConfigurationDelegate [main] Bootstrapping Spring Data JPA repositories in DEFAULT mode.
2023-04-20 01:32:56,347 INFO org.springframework.data.repository.config.RepositoryConfigurationDelegate [main] Finished Spring Data repository scanning in 45 ms. Found 4 JPA repository interfaces.
2023-04-20 01:32:56,746 INFO org.springframework.boot.web.embedded.tomcat.TomcatWebServer [main] Tomcat initialized with port(s): 8080 (http)
2023-04-20 01:32:56,756 INFO org.apache.juli.logging.DirectJDKLog [main] Initializing ProtocolHandler ["http-nio-8080"]
2023-04-20 01:32:56,756 INFO org.apache.juli.logging.DirectJDKLog [main] Starting service [Tomcat]
2023-04-20 01:32:56,756 INFO org.apache.juli.logging.DirectJDKLog [main] Starting Servlet engine: [Apache Tomcat/10.1.7]
2023-04-20 01:32:56,811 INFO org.apache.juli.logging.DirectJDKLog [main] Initializing Spring embedded WebApplicationContext
2023-04-20 01:32:56,812 INFO org.springframework.boot.web.servlet.context.ServletWebServerApplicationContext [main] Root WebApplicationContext: initialization completed in 893 ms
2023-04-20 01:32:56,915 INFO org.hibernate.jpa.internal.util.LogHelper [main] HHH000204: Processing PersistenceUnitInfo [name: default]
2023-04-20 01:32:56,944 INFO org.hibernate.Version [main] HHH000412: Hibernate ORM core version 6.1.7.Final
2023-04-20 01:32:57,126 INFO com.zaxxer.hikari.HikariDataSource [main] HikariPool-1 - Starting...
2023-04-20 01:32:57,301 INFO com.zaxxer.hikari.pool.HikariPool [main] HikariPool-1 - Added connection com.mysql.cj.jdbc.ConnectionImpl@6f0c45f4
2023-04-20 01:32:57,302 INFO com.zaxxer.hikari.HikariDataSource [main] HikariPool-1 - Start completed.
2023-04-20 01:32:57,327 INFO org.hibernate.engine.jdbc.dialect.internal.DialectFactoryImpl [main] HHH000400: Using dialect: org.hibernate.dialect.MariaDBDialect
2023-04-20 01:32:57,902 INFO org.hibernate.engine.transaction.jta.platform.internal.JtaPlatformInitiator [main] HHH000490: Using JtaPlatform implementation: [org.hibernate.engine.transaction.jta.platform.internal.NoJtaPlatform]
2023-04-20 01:32:57,907 INFO org.springframework.orm.jpa.AbstractEntityManagerFactoryBean [main] Initialized JPA EntityManagerFactory for persistence unit 'default'
2023-04-20 01:32:58,189 WARN org.springframework.boot.autoconfigure.orm.jpa.JpaBaseConfiguration$JpaWebConfiguration [main] spring.jpa.open-in-view is enabled by default. Therefore, database queries may be performed during view rendering. Explicitly configure spring.jpa.open-in-view to disable this warning
2023-04-20 01:32:58,371 INFO org.apache.juli.logging.DirectJDKLog [main] Starting ProtocolHandler ["http-nio-8080"]
2023-04-20 01:32:58,384 INFO org.springframework.boot.web.embedded.tomcat.TomcatWebServer [main] Tomcat started on port(s): 8080 (http) with context path ''
2023-04-20 01:32:58,389 INFO org.springframework.boot.StartupInfoLogger [main] Started SpringReviewApplication in 2.851 seconds (process running for 3.083)
2023-04-20 01:33:16,186 INFO org.springframework.orm.jpa.AbstractEntityManagerFactoryBean [SpringApplicationShutdownHook] Closing JPA EntityManagerFactory for persistence unit 'default'
2023-04-20 01:33:16,188 INFO com.zaxxer.hikari.HikariDataSource [SpringApplicationShutdownHook] HikariPool-1 - Shutdown initiated...
2023-04-20 01:33:16,194 INFO com.zaxxer.hikari.HikariDataSource [SpringApplicationShutdownHook] HikariPool-1 - Shutdown completed.
2023-04-20 01:33:17,759 INFO org.hibernate.validator.internal.util.Version [background-preinit] HV000001: Hibernate Validator 8.0.0.Final
2023-04-20 01:33:17,790 INFO org.springframework.boot.StartupInfoLogger [main] Starting SpringReviewApplication using Java 19.0.2 with PID 11060 (E:\Projects\Java project\Spring with intelij\review-project\target\classes started by USER in E:\Projects\Java project\Spring with intelij\review-project)
2023-04-20 01:33:17,791 INFO org.springframework.boot.SpringApplication [main] No active profile set, falling back to 1 default profile: "default"
2023-04-20 01:33:18,195 INFO org.springframework.data.repository.config.RepositoryConfigurationDelegate [main] Bootstrapping Spring Data JPA repositories in DEFAULT mode.
2023-04-20 01:33:18,240 INFO org.springframework.data.repository.config.RepositoryConfigurationDelegate [main] Finished Spring Data repository scanning in 39 ms. Found 4 JPA repository interfaces.
2023-04-20 01:33:18,636 INFO org.springframework.boot.web.embedded.tomcat.TomcatWebServer [main] Tomcat initialized with port(s): 8080 (http)
2023-04-20 01:33:18,642 INFO org.apache.juli.logging.DirectJDKLog [main] Initializing ProtocolHandler ["http-nio-8080"]
2023-04-20 01:33:18,643 INFO org.apache.juli.logging.DirectJDKLog [main] Starting service [Tomcat]
2023-04-20 01:33:18,643 INFO org.apache.juli.logging.DirectJDKLog [main] Starting Servlet engine: [Apache Tomcat/10.1.7]
2023-04-20 01:33:18,700 INFO org.apache.juli.logging.DirectJDKLog [main] Initializing Spring embedded WebApplicationContext
2023-04-20 01:33:18,701 INFO org.springframework.boot.web.servlet.context.ServletWebServerApplicationContext [main] Root WebApplicationContext: initialization completed in 877 ms
2023-04-20 01:33:18,798 INFO org.hibernate.jpa.internal.util.LogHelper [main] HHH000204: Processing PersistenceUnitInfo [name: default]
2023-04-20 01:33:18,849 INFO org.hibernate.Version [main] HHH000412: Hibernate ORM core version 6.1.7.Final
2023-04-20 01:33:19,029 INFO com.zaxxer.hikari.HikariDataSource [main] HikariPool-1 - Starting...
2023-04-20 01:33:19,217 INFO com.zaxxer.hikari.pool.HikariPool [main] HikariPool-1 - Added connection com.mysql.cj.jdbc.ConnectionImpl@2af9a5ef
2023-04-20 01:33:19,219 INFO com.zaxxer.hikari.HikariDataSource [main] HikariPool-1 - Start completed.
2023-04-20 01:33:19,246 INFO org.hibernate.engine.jdbc.dialect.internal.DialectFactoryImpl [main] HHH000400: Using dialect: org.hibernate.dialect.MariaDBDialect
2023-04-20 01:33:19,792 INFO org.hibernate.engine.transaction.jta.platform.internal.JtaPlatformInitiator [main] HHH000490: Using JtaPlatform implementation: [org.hibernate.engine.transaction.jta.platform.internal.NoJtaPlatform]
2023-04-20 01:33:19,798 INFO org.springframework.orm.jpa.AbstractEntityManagerFactoryBean [main] Initialized JPA EntityManagerFactory for persistence unit 'default'
2023-04-20 01:33:20,106 WARN org.springframework.boot.autoconfigure.orm.jpa.JpaBaseConfiguration$JpaWebConfiguration [main] spring.jpa.open-in-view is enabled by default. Therefore, database queries may be performed during view rendering. Explicitly configure spring.jpa.open-in-view to disable this warning
2023-04-20 01:33:20,291 INFO org.apache.juli.logging.DirectJDKLog [main] Starting ProtocolHandler ["http-nio-8080"]
2023-04-20 01:33:20,304 INFO org.springframework.boot.web.embedded.tomcat.TomcatWebServer [main] Tomcat started on port(s): 8080 (http) with context path ''
2023-04-20 01:33:20,308 INFO org.springframework.boot.StartupInfoLogger [main] Started SpringReviewApplication in 2.872 seconds (process running for 3.105)
2023-04-20 01:51:08,914 INFO org.springframework.orm.jpa.AbstractEntityManagerFactoryBean [SpringApplicationShutdownHook] Closing JPA EntityManagerFactory for persistence unit 'default'
2023-04-20 01:51:08,916 INFO com.zaxxer.hikari.HikariDataSource [SpringApplicationShutdownHook] HikariPool-1 - Shutdown initiated...
2023-04-20 01:51:08,922 INFO com.zaxxer.hikari.HikariDataSource [SpringApplicationShutdownHook] HikariPool-1 - Shutdown completed.
2023-04-20 01:51:12,697 INFO org.hibernate.validator.internal.util.Version [background-preinit] HV000001: Hibernate Validator 8.0.0.Final
2023-04-20 01:51:12,730 INFO org.springframework.boot.StartupInfoLogger [main] Starting SpringReviewApplication using Java 19.0.2 with PID 23904 (E:\Projects\Java project\Spring with intelij\review-project\target\classes started by USER in E:\Projects\Java project\Spring with intelij\review-project)
2023-04-20 01:51:12,732 INFO org.springframework.boot.SpringApplication [main] No active profile set, falling back to 1 default profile: "default"
2023-04-20 01:51:13,178 INFO org.springframework.data.repository.config.RepositoryConfigurationDelegate [main] Bootstrapping Spring Data JPA repositories in DEFAULT mode.
2023-04-20 01:51:13,228 INFO org.springframework.data.repository.config.RepositoryConfigurationDelegate [main] Finished Spring Data repository scanning in 44 ms. Found 4 JPA repository interfaces.
2023-04-20 01:51:13,643 INFO org.springframework.boot.web.embedded.tomcat.TomcatWebServer [main] Tomcat initialized with port(s): 8080 (http)
2023-04-20 01:51:13,653 INFO org.apache.juli.logging.DirectJDKLog [main] Initializing ProtocolHandler ["http-nio-8080"]
2023-04-20 01:51:13,654 INFO org.apache.juli.logging.DirectJDKLog [main] Starting service [Tomcat]
2023-04-20 01:51:13,654 INFO org.apache.juli.logging.DirectJDKLog [main] Starting Servlet engine: [Apache Tomcat/10.1.7]
2023-04-20 01:51:13,709 INFO org.apache.juli.logging.DirectJDKLog [main] Initializing Spring embedded WebApplicationContext
2023-04-20 01:51:13,710 INFO org.springframework.boot.web.servlet.context.ServletWebServerApplicationContext [main] Root WebApplicationContext: initialization completed in 945 ms
2023-04-20 01:51:13,807 INFO org.hibernate.jpa.internal.util.LogHelper [main] HHH000204: Processing PersistenceUnitInfo [name: default]
2023-04-20 01:51:13,877 INFO org.hibernate.Version [main] HHH000412: Hibernate ORM core version 6.1.7.Final
2023-04-20 01:51:14,077 INFO com.zaxxer.hikari.HikariDataSource [main] HikariPool-1 - Starting...
2023-04-20 01:51:14,291 INFO com.zaxxer.hikari.pool.HikariPool [main] HikariPool-1 - Added connection com.mysql.cj.jdbc.ConnectionImpl@2af9a5ef
2023-04-20 01:51:14,292 INFO com.zaxxer.hikari.HikariDataSource [main] HikariPool-1 - Start completed.
2023-04-20 01:51:14,324 INFO org.hibernate.engine.jdbc.dialect.internal.DialectFactoryImpl [main] HHH000400: Using dialect: org.hibernate.dialect.MariaDBDialect
2023-04-20 01:51:14,977 INFO org.hibernate.engine.transaction.jta.platform.internal.JtaPlatformInitiator [main] HHH000490: Using JtaPlatform implementation: [org.hibernate.engine.transaction.jta.platform.internal.NoJtaPlatform]
2023-04-20 01:51:14,985 INFO org.springframework.orm.jpa.AbstractEntityManagerFactoryBean [main] Initialized JPA EntityManagerFactory for persistence unit 'default'
2023-04-20 01:51:15,313 WARN org.springframework.boot.autoconfigure.orm.jpa.JpaBaseConfiguration$JpaWebConfiguration [main] spring.jpa.open-in-view is enabled by default. Therefore, database queries may be performed during view rendering. Explicitly configure spring.jpa.open-in-view to disable this warning
2023-04-20 01:51:15,506 INFO org.apache.juli.logging.DirectJDKLog [main] Starting ProtocolHandler ["http-nio-8080"]
2023-04-20 01:51:15,518 INFO org.springframework.boot.web.embedded.tomcat.TomcatWebServer [main] Tomcat started on port(s): 8080 (http) with context path ''
2023-04-20 01:51:15,523 INFO org.springframework.boot.StartupInfoLogger [main] Started SpringReviewApplication in 3.159 seconds (process running for 3.396)
2023-04-20 01:51:28,834 INFO org.apache.juli.logging.DirectJDKLog [http-nio-8080-exec-3] Initializing Spring DispatcherServlet 'dispatcherServlet'
2023-04-20 01:51:28,834 INFO org.springframework.web.servlet.FrameworkServlet [http-nio-8080-exec-3] Initializing Servlet 'dispatcherServlet'
2023-04-20 01:51:28,835 INFO org.springframework.web.servlet.FrameworkServlet [http-nio-8080-exec-3] Completed initialization in 1 ms
2023-04-20 03:27:47,141 INFO org.springframework.orm.jpa.AbstractEntityManagerFactoryBean [SpringApplicationShutdownHook] Closing JPA EntityManagerFactory for persistence unit 'default'
2023-04-20 03:27:47,144 INFO com.zaxxer.hikari.HikariDataSource [SpringApplicationShutdownHook] HikariPool-1 - Shutdown initiated...
2023-04-20 03:27:47,147 INFO com.zaxxer.hikari.HikariDataSource [SpringApplicationShutdownHook] HikariPool-1 - Shutdown completed.
2023-04-20 03:27:50,930 INFO org.hibernate.validator.internal.util.Version [background-preinit] HV000001: Hibernate Validator 8.0.0.Final
2023-04-20 03:27:50,959 INFO org.springframework.boot.StartupInfoLogger [main] Starting SpringReviewApplication using Java 19.0.2 with PID 9892 (E:\Projects\Java project\Spring with intelij\review-project\target\classes started by USER in E:\Projects\Java project\Spring with intelij\review-project)
2023-04-20 03:27:50,961 INFO org.springframework.boot.SpringApplication [main] No active profile set, falling back to 1 default profile: "default"
2023-04-20 03:27:51,394 INFO org.springframework.data.repository.config.RepositoryConfigurationDelegate [main] Bootstrapping Spring Data JPA repositories in DEFAULT mode.
2023-04-20 03:27:51,444 INFO org.springframework.data.repository.config.RepositoryConfigurationDelegate [main] Finished Spring Data repository scanning in 40 ms. Found 4 JPA repository interfaces.
2023-04-20 03:27:51,861 INFO org.springframework.boot.web.embedded.tomcat.TomcatWebServer [main] Tomcat initialized with port(s): 8080 (http)
2023-04-20 03:27:51,869 INFO org.apache.juli.logging.DirectJDKLog [main] Initializing ProtocolHandler ["http-nio-8080"]
2023-04-20 03:27:51,870 INFO org.apache.juli.logging.DirectJDKLog [main] Starting service [Tomcat]
2023-04-20 03:27:51,870 INFO org.apache.juli.logging.DirectJDKLog [main] Starting Servlet engine: [Apache Tomcat/10.1.7]
2023-04-20 03:27:51,928 INFO org.apache.juli.logging.DirectJDKLog [main] Initializing Spring embedded WebApplicationContext
2023-04-20 03:27:51,929 INFO org.springframework.boot.web.servlet.context.ServletWebServerApplicationContext [main] Root WebApplicationContext: initialization completed in 938 ms
2023-04-20 03:27:52,030 INFO org.flywaydb.core.internal.logging.slf4j.Slf4jLog [main] Flyway Community Edition 9.5.1 by Redgate
2023-04-20 03:27:52,030 INFO org.flywaydb.core.internal.logging.slf4j.Slf4jLog [main] See what's new here: https://flywaydb.org/documentation/learnmore/releaseNotes#9.5.1
2023-04-20 03:27:52,030 INFO org.flywaydb.core.internal.logging.slf4j.Slf4jLog [main] 
2023-04-20 03:27:52,036 INFO com.zaxxer.hikari.HikariDataSource [main] HikariPool-1 - Starting...
2023-04-20 03:27:52,282 INFO com.zaxxer.hikari.pool.HikariPool [main] HikariPool-1 - Added connection com.mysql.cj.jdbc.ConnectionImpl@6aa7e176
2023-04-20 03:27:52,283 INFO com.zaxxer.hikari.HikariDataSource [main] HikariPool-1 - Start completed.
2023-04-20 03:27:52,287 WARN org.springframework.context.support.AbstractApplicationContext [main] Exception encountered during context initialization - cancelling refresh attempt: org.springframework.beans.factory.BeanCreationException: Error creating bean with name 'flywayInitializer' defined in class path resource [org/springframework/boot/autoconfigure/flyway/FlywayAutoConfiguration$FlywayConfiguration.class]: Unsupported Database: MySQL 8.0
2023-04-20 03:27:52,287 INFO com.zaxxer.hikari.HikariDataSource [main] HikariPool-1 - Shutdown initiated...
2023-04-20 03:27:52,291 INFO com.zaxxer.hikari.HikariDataSource [main] HikariPool-1 - Shutdown completed.
2023-04-20 03:27:52,292 INFO org.apache.juli.logging.DirectJDKLog [main] Stopping service [Tomcat]
2023-04-20 03:27:52,299 INFO org.springframework.boot.autoconfigure.logging.ConditionEvaluationReportLogger [main] 

Error starting ApplicationContext. To display the condition evaluation report re-run your application with 'debug' enabled.
2023-04-20 03:27:52,312 ERROR org.springframework.boot.SpringApplication [main] Application run failed
org.springframework.beans.factory.BeanCreationException: Error creating bean with name 'flywayInitializer' defined in class path resource [org/springframework/boot/autoconfigure/flyway/FlywayAutoConfiguration$FlywayConfiguration.class]: Unsupported Database: MySQL 8.0
	at org.springframework.beans.factory.support.AbstractAutowireCapableBeanFactory.initializeBean(AbstractAutowireCapableBeanFactory.java:1770)
	at org.springframework.beans.factory.support.AbstractAutowireCapableBeanFactory.doCreateBean(AbstractAutowireCapableBeanFactory.java:598)
	at org.springframework.beans.factory.support.AbstractAutowireCapableBeanFactory.createBean(AbstractAutowireCapableBeanFactory.java:520)
	at org.springframework.beans.factory.support.AbstractBeanFactory.lambda$doGetBean$0(AbstractBeanFactory.java:326)
	at org.springframework.beans.factory.support.DefaultSingletonBeanRegistry.getSingleton(DefaultSingletonBeanRegistry.java:234)
	at org.springframework.beans.factory.support.AbstractBeanFactory.doGetBean(AbstractBeanFactory.java:324)
	at org.springframework.beans.factory.support.AbstractBeanFactory.getBean(AbstractBeanFactory.java:200)
	at org.springframework.beans.factory.support.AbstractBeanFactory.doGetBean(AbstractBeanFactory.java:313)
	at org.springframework.beans.factory.support.AbstractBeanFactory.getBean(AbstractBeanFactory.java:200)
	at org.springframework.context.support.AbstractApplicationContext.getBean(AbstractApplicationContext.java:1132)
	at org.springframework.context.support.AbstractApplicationContext.finishBeanFactoryInitialization(AbstractApplicationContext.java:907)
	at org.springframework.context.support.AbstractApplicationContext.refresh(AbstractApplicationContext.java:584)
	at org.springframework.boot.web.servlet.context.ServletWebServerApplicationContext.refresh(ServletWebServerApplicationContext.java:146)
	at org.springframework.boot.SpringApplication.refresh(SpringApplication.java:732)
	at org.springframework.boot.SpringApplication.refreshContext(SpringApplication.java:434)
	at org.springframework.boot.SpringApplication.run(SpringApplication.java:310)
	at org.springframework.boot.SpringApplication.run(SpringApplication.java:1304)
	at org.springframework.boot.SpringApplication.run(SpringApplication.java:1293)
	at com.global.springreview.SpringReviewApplication.main(SpringReviewApplication.java:10)
Caused by: org.flywaydb.core.api.FlywayException: Unsupported Database: MySQL 8.0
	at org.flywaydb.core.internal.database.DatabaseTypeRegister.getDatabaseTypeForConnection(DatabaseTypeRegister.java:105)
	at org.flywaydb.core.internal.jdbc.JdbcConnectionFactory.<init>(JdbcConnectionFactory.java:76)
	at org.flywaydb.core.FlywayExecutor.execute(FlywayExecutor.java:146)
	at org.flywaydb.core.Flyway.migrate(Flyway.java:128)
	at org.springframework.boot.autoconfigure.flyway.FlywayMigrationInitializer.afterPropertiesSet(FlywayMigrationInitializer.java:66)
	at org.springframework.beans.factory.support.AbstractAutowireCapableBeanFactory.invokeInitMethods(AbstractAutowireCapableBeanFactory.java:1816)
	at org.springframework.beans.factory.support.AbstractAutowireCapableBeanFactory.initializeBean(AbstractAutowireCapableBeanFactory.java:1766)
	... 18 common frames omitted
2023-04-20 03:31:10,224 INFO org.hibernate.validator.internal.util.Version [background-preinit] HV000001: Hibernate Validator 8.0.0.Final
2023-04-20 03:31:10,251 INFO org.springframework.boot.StartupInfoLogger [main] Starting SpringReviewApplication using Java 19.0.2 with PID 17656 (E:\Projects\Java project\Spring with intelij\review-project\target\classes started by USER in E:\Projects\Java project\Spring with intelij\review-project)
2023-04-20 03:31:10,253 INFO org.springframework.boot.SpringApplication [main] No active profile set, falling back to 1 default profile: "default"
2023-04-20 03:31:10,697 INFO org.springframework.data.repository.config.RepositoryConfigurationDelegate [main] Bootstrapping Spring Data JPA repositories in DEFAULT mode.
2023-04-20 03:31:10,742 INFO org.springframework.data.repository.config.RepositoryConfigurationDelegate [main] Finished Spring Data repository scanning in 39 ms. Found 4 JPA repository interfaces.
2023-04-20 03:31:11,155 INFO org.springframework.boot.web.embedded.tomcat.TomcatWebServer [main] Tomcat initialized with port(s): 8080 (http)
2023-04-20 03:31:11,161 INFO org.apache.juli.logging.DirectJDKLog [main] Initializing ProtocolHandler ["http-nio-8080"]
2023-04-20 03:31:11,162 INFO org.apache.juli.logging.DirectJDKLog [main] Starting service [Tomcat]
2023-04-20 03:31:11,162 INFO org.apache.juli.logging.DirectJDKLog [main] Starting Servlet engine: [Apache Tomcat/10.1.7]
2023-04-20 03:31:11,214 INFO org.apache.juli.logging.DirectJDKLog [main] Initializing Spring embedded WebApplicationContext
2023-04-20 03:31:11,215 INFO org.springframework.boot.web.servlet.context.ServletWebServerApplicationContext [main] Root WebApplicationContext: initialization completed in 926 ms
2023-04-20 03:31:11,328 INFO org.flywaydb.core.internal.logging.slf4j.Slf4jLog [main] Flyway Community Edition 9.16.1 by Redgate
2023-04-20 03:31:11,328 INFO org.flywaydb.core.internal.logging.slf4j.Slf4jLog [main] See release notes here: https://rd.gt/416ObMi
2023-04-20 03:31:11,329 INFO org.flywaydb.core.internal.logging.slf4j.Slf4jLog [main] 
2023-04-20 03:31:11,336 INFO com.zaxxer.hikari.HikariDataSource [main] HikariPool-1 - Starting...
2023-04-20 03:31:11,532 INFO com.zaxxer.hikari.pool.HikariPool [main] HikariPool-1 - Added connection com.mysql.cj.jdbc.ConnectionImpl@492521c4
2023-04-20 03:31:11,533 INFO com.zaxxer.hikari.HikariDataSource [main] HikariPool-1 - Start completed.
2023-04-20 03:31:11,538 WARN org.springframework.context.support.AbstractApplicationContext [main] Exception encountered during context initialization - cancelling refresh attempt: org.springframework.beans.factory.BeanCreationException: Error creating bean with name 'flywayInitializer' defined in class path resource [org/springframework/boot/autoconfigure/flyway/FlywayAutoConfiguration$FlywayConfiguration.class]: Unsupported Database: MySQL 8.0
2023-04-20 03:31:11,538 INFO com.zaxxer.hikari.HikariDataSource [main] HikariPool-1 - Shutdown initiated...
2023-04-20 03:31:11,540 INFO com.zaxxer.hikari.HikariDataSource [main] HikariPool-1 - Shutdown completed.
2023-04-20 03:31:11,542 INFO org.apache.juli.logging.DirectJDKLog [main] Stopping service [Tomcat]
2023-04-20 03:31:11,549 INFO org.springframework.boot.autoconfigure.logging.ConditionEvaluationReportLogger [main] 

Error starting ApplicationContext. To display the condition evaluation report re-run your application with 'debug' enabled.
2023-04-20 03:31:11,559 ERROR org.springframework.boot.SpringApplication [main] Application run failed
org.springframework.beans.factory.BeanCreationException: Error creating bean with name 'flywayInitializer' defined in class path resource [org/springframework/boot/autoconfigure/flyway/FlywayAutoConfiguration$FlywayConfiguration.class]: Unsupported Database: MySQL 8.0
	at org.springframework.beans.factory.support.AbstractAutowireCapableBeanFactory.initializeBean(AbstractAutowireCapableBeanFactory.java:1770)
	at org.springframework.beans.factory.support.AbstractAutowireCapableBeanFactory.doCreateBean(AbstractAutowireCapableBeanFactory.java:598)
	at org.springframework.beans.factory.support.AbstractAutowireCapableBeanFactory.createBean(AbstractAutowireCapableBeanFactory.java:520)
	at org.springframework.beans.factory.support.AbstractBeanFactory.lambda$doGetBean$0(AbstractBeanFactory.java:326)
	at org.springframework.beans.factory.support.DefaultSingletonBeanRegistry.getSingleton(DefaultSingletonBeanRegistry.java:234)
	at org.springframework.beans.factory.support.AbstractBeanFactory.doGetBean(AbstractBeanFactory.java:324)
	at org.springframework.beans.factory.support.AbstractBeanFactory.getBean(AbstractBeanFactory.java:200)
	at org.springframework.beans.factory.support.AbstractBeanFactory.doGetBean(AbstractBeanFactory.java:313)
	at org.springframework.beans.factory.support.AbstractBeanFactory.getBean(AbstractBeanFactory.java:200)
	at org.springframework.context.support.AbstractApplicationContext.getBean(AbstractApplicationContext.java:1132)
	at org.springframework.context.support.AbstractApplicationContext.finishBeanFactoryInitialization(AbstractApplicationContext.java:907)
	at org.springframework.context.support.AbstractApplicationContext.refresh(AbstractApplicationContext.java:584)
	at org.springframework.boot.web.servlet.context.ServletWebServerApplicationContext.refresh(ServletWebServerApplicationContext.java:146)
	at org.springframework.boot.SpringApplication.refresh(SpringApplication.java:732)
	at org.springframework.boot.SpringApplication.refreshContext(SpringApplication.java:434)
	at org.springframework.boot.SpringApplication.run(SpringApplication.java:310)
	at org.springframework.boot.SpringApplication.run(SpringApplication.java:1304)
	at org.springframework.boot.SpringApplication.run(SpringApplication.java:1293)
	at com.global.springreview.SpringReviewApplication.main(SpringReviewApplication.java:10)
Caused by: org.flywaydb.core.api.FlywayException: Unsupported Database: MySQL 8.0
	at org.flywaydb.core.internal.database.DatabaseTypeRegister.getDatabaseTypeForConnection(DatabaseTypeRegister.java:105)
	at org.flywaydb.core.internal.jdbc.JdbcConnectionFactory.<init>(JdbcConnectionFactory.java:75)
	at org.flywaydb.core.FlywayExecutor.execute(FlywayExecutor.java:140)
	at org.flywaydb.core.Flyway.migrate(Flyway.java:140)
	at org.springframework.boot.autoconfigure.flyway.FlywayMigrationInitializer.afterPropertiesSet(FlywayMigrationInitializer.java:66)
	at org.springframework.beans.factory.support.AbstractAutowireCapableBeanFactory.invokeInitMethods(AbstractAutowireCapableBeanFactory.java:1816)
	at org.springframework.beans.factory.support.AbstractAutowireCapableBeanFactory.initializeBean(AbstractAutowireCapableBeanFactory.java:1766)
	... 18 common frames omitted
2023-04-20 03:32:19,227 INFO org.hibernate.validator.internal.util.Version [background-preinit] HV000001: Hibernate Validator 8.0.0.Final
2023-04-20 03:32:19,257 INFO org.springframework.boot.StartupInfoLogger [main] Starting SpringReviewApplication using Java 19.0.2 with PID 17600 (E:\Projects\Java project\Spring with intelij\review-project\target\classes started by USER in E:\Projects\Java project\Spring with intelij\review-project)
2023-04-20 03:32:19,258 INFO org.springframework.boot.SpringApplication [main] No active profile set, falling back to 1 default profile: "default"
2023-04-20 03:32:19,675 INFO org.springframework.data.repository.config.RepositoryConfigurationDelegate [main] Bootstrapping Spring Data JPA repositories in DEFAULT mode.
2023-04-20 03:32:19,729 INFO org.springframework.data.repository.config.RepositoryConfigurationDelegate [main] Finished Spring Data repository scanning in 48 ms. Found 4 JPA repository interfaces.
2023-04-20 03:32:20,135 INFO org.springframework.boot.web.embedded.tomcat.TomcatWebServer [main] Tomcat initialized with port(s): 8080 (http)
2023-04-20 03:32:20,140 INFO org.apache.juli.logging.DirectJDKLog [main] Initializing ProtocolHandler ["http-nio-8080"]
2023-04-20 03:32:20,141 INFO org.apache.juli.logging.DirectJDKLog [main] Starting service [Tomcat]
2023-04-20 03:32:20,141 INFO org.apache.juli.logging.DirectJDKLog [main] Starting Servlet engine: [Apache Tomcat/10.1.7]
2023-04-20 03:32:20,195 INFO org.apache.juli.logging.DirectJDKLog [main] Initializing Spring embedded WebApplicationContext
2023-04-20 03:32:20,196 INFO org.springframework.boot.web.servlet.context.ServletWebServerApplicationContext [main] Root WebApplicationContext: initialization completed in 901 ms
2023-04-20 03:32:20,292 INFO org.flywaydb.core.internal.logging.slf4j.Slf4jLog [main] Flyway Community Edition 9.16.1 by Redgate
2023-04-20 03:32:20,292 INFO org.flywaydb.core.internal.logging.slf4j.Slf4jLog [main] See release notes here: https://rd.gt/416ObMi
2023-04-20 03:32:20,292 INFO org.flywaydb.core.internal.logging.slf4j.Slf4jLog [main] 
2023-04-20 03:32:20,300 INFO com.zaxxer.hikari.HikariDataSource [main] HikariPool-1 - Starting...
2023-04-20 03:32:20,499 INFO com.zaxxer.hikari.pool.HikariPool [main] HikariPool-1 - Added connection com.mysql.cj.jdbc.ConnectionImpl@1fb2eec
2023-04-20 03:32:20,500 INFO com.zaxxer.hikari.HikariDataSource [main] HikariPool-1 - Start completed.
2023-04-20 03:32:20,505 WARN org.springframework.context.support.AbstractApplicationContext [main] Exception encountered during context initialization - cancelling refresh attempt: org.springframework.beans.factory.BeanCreationException: Error creating bean with name 'flywayInitializer' defined in class path resource [org/springframework/boot/autoconfigure/flyway/FlywayAutoConfiguration$FlywayConfiguration.class]: Unsupported Database: MySQL 8.0
2023-04-20 03:32:20,505 INFO com.zaxxer.hikari.HikariDataSource [main] HikariPool-1 - Shutdown initiated...
2023-04-20 03:32:20,507 INFO com.zaxxer.hikari.HikariDataSource [main] HikariPool-1 - Shutdown completed.
2023-04-20 03:32:20,509 INFO org.apache.juli.logging.DirectJDKLog [main] Stopping service [Tomcat]
2023-04-20 03:32:20,515 INFO org.springframework.boot.autoconfigure.logging.ConditionEvaluationReportLogger [main] 

Error starting ApplicationContext. To display the condition evaluation report re-run your application with 'debug' enabled.
2023-04-20 03:32:20,527 ERROR org.springframework.boot.SpringApplication [main] Application run failed
org.springframework.beans.factory.BeanCreationException: Error creating bean with name 'flywayInitializer' defined in class path resource [org/springframework/boot/autoconfigure/flyway/FlywayAutoConfiguration$FlywayConfiguration.class]: Unsupported Database: MySQL 8.0
	at org.springframework.beans.factory.support.AbstractAutowireCapableBeanFactory.initializeBean(AbstractAutowireCapableBeanFactory.java:1770)
	at org.springframework.beans.factory.support.AbstractAutowireCapableBeanFactory.doCreateBean(AbstractAutowireCapableBeanFactory.java:598)
	at org.springframework.beans.factory.support.AbstractAutowireCapableBeanFactory.createBean(AbstractAutowireCapableBeanFactory.java:520)
	at org.springframework.beans.factory.support.AbstractBeanFactory.lambda$doGetBean$0(AbstractBeanFactory.java:326)
	at org.springframework.beans.factory.support.DefaultSingletonBeanRegistry.getSingleton(DefaultSingletonBeanRegistry.java:234)
	at org.springframework.beans.factory.support.AbstractBeanFactory.doGetBean(AbstractBeanFactory.java:324)
	at org.springframework.beans.factory.support.AbstractBeanFactory.getBean(AbstractBeanFactory.java:200)
	at org.springframework.beans.factory.support.AbstractBeanFactory.doGetBean(AbstractBeanFactory.java:313)
	at org.springframework.beans.factory.support.AbstractBeanFactory.getBean(AbstractBeanFactory.java:200)
	at org.springframework.context.support.AbstractApplicationContext.getBean(AbstractApplicationContext.java:1132)
	at org.springframework.context.support.AbstractApplicationContext.finishBeanFactoryInitialization(AbstractApplicationContext.java:907)
	at org.springframework.context.support.AbstractApplicationContext.refresh(AbstractApplicationContext.java:584)
	at org.springframework.boot.web.servlet.context.ServletWebServerApplicationContext.refresh(ServletWebServerApplicationContext.java:146)
	at org.springframework.boot.SpringApplication.refresh(SpringApplication.java:732)
	at org.springframework.boot.SpringApplication.refreshContext(SpringApplication.java:434)
	at org.springframework.boot.SpringApplication.run(SpringApplication.java:310)
	at org.springframework.boot.SpringApplication.run(SpringApplication.java:1304)
	at org.springframework.boot.SpringApplication.run(SpringApplication.java:1293)
	at com.global.springreview.SpringReviewApplication.main(SpringReviewApplication.java:10)
Caused by: org.flywaydb.core.api.FlywayException: Unsupported Database: MySQL 8.0
	at org.flywaydb.core.internal.database.DatabaseTypeRegister.getDatabaseTypeForConnection(DatabaseTypeRegister.java:105)
	at org.flywaydb.core.internal.jdbc.JdbcConnectionFactory.<init>(JdbcConnectionFactory.java:75)
	at org.flywaydb.core.FlywayExecutor.execute(FlywayExecutor.java:140)
	at org.flywaydb.core.Flyway.migrate(Flyway.java:140)
	at org.springframework.boot.autoconfigure.flyway.FlywayMigrationInitializer.afterPropertiesSet(FlywayMigrationInitializer.java:66)
	at org.springframework.beans.factory.support.AbstractAutowireCapableBeanFactory.invokeInitMethods(AbstractAutowireCapableBeanFactory.java:1816)
	at org.springframework.beans.factory.support.AbstractAutowireCapableBeanFactory.initializeBean(AbstractAutowireCapableBeanFactory.java:1766)
	... 18 common frames omitted
2023-04-20 03:32:47,867 INFO org.hibernate.validator.internal.util.Version [background-preinit] HV000001: Hibernate Validator 8.0.0.Final
2023-04-20 03:32:47,896 INFO org.springframework.boot.StartupInfoLogger [main] Starting SpringReviewApplication using Java 19.0.2 with PID 15268 (E:\Projects\Java project\Spring with intelij\review-project\target\classes started by USER in E:\Projects\Java project\Spring with intelij\review-project)
2023-04-20 03:32:47,898 INFO org.springframework.boot.SpringApplication [main] No active profile set, falling back to 1 default profile: "default"
2023-04-20 03:32:48,305 INFO org.springframework.data.repository.config.RepositoryConfigurationDelegate [main] Bootstrapping Spring Data JPA repositories in DEFAULT mode.
2023-04-20 03:32:48,354 INFO org.springframework.data.repository.config.RepositoryConfigurationDelegate [main] Finished Spring Data repository scanning in 44 ms. Found 4 JPA repository interfaces.
2023-04-20 03:32:48,740 INFO org.springframework.boot.web.embedded.tomcat.TomcatWebServer [main] Tomcat initialized with port(s): 8080 (http)
2023-04-20 03:32:48,750 INFO org.apache.juli.logging.DirectJDKLog [main] Initializing ProtocolHandler ["http-nio-8080"]
2023-04-20 03:32:48,751 INFO org.apache.juli.logging.DirectJDKLog [main] Starting service [Tomcat]
2023-04-20 03:32:48,752 INFO org.apache.juli.logging.DirectJDKLog [main] Starting Servlet engine: [Apache Tomcat/10.1.7]
2023-04-20 03:32:48,809 INFO org.apache.juli.logging.DirectJDKLog [main] Initializing Spring embedded WebApplicationContext
2023-04-20 03:32:48,810 INFO org.springframework.boot.web.servlet.context.ServletWebServerApplicationContext [main] Root WebApplicationContext: initialization completed in 877 ms
2023-04-20 03:32:48,918 INFO org.hibernate.jpa.internal.util.LogHelper [main] HHH000204: Processing PersistenceUnitInfo [name: default]
2023-04-20 03:32:48,958 INFO org.hibernate.Version [main] HHH000412: Hibernate ORM core version 6.1.7.Final
2023-04-20 03:32:49,168 INFO com.zaxxer.hikari.HikariDataSource [main] HikariPool-1 - Starting...
2023-04-20 03:32:49,346 INFO com.zaxxer.hikari.pool.HikariPool [main] HikariPool-1 - Added connection com.mysql.cj.jdbc.ConnectionImpl@58e03769
2023-04-20 03:32:49,347 INFO com.zaxxer.hikari.HikariDataSource [main] HikariPool-1 - Start completed.
2023-04-20 03:32:49,377 INFO org.hibernate.engine.jdbc.dialect.internal.DialectFactoryImpl [main] HHH000400: Using dialect: org.hibernate.dialect.MariaDBDialect
2023-04-20 03:32:49,971 INFO org.hibernate.engine.transaction.jta.platform.internal.JtaPlatformInitiator [main] HHH000490: Using JtaPlatform implementation: [org.hibernate.engine.transaction.jta.platform.internal.NoJtaPlatform]
2023-04-20 03:32:49,976 INFO org.springframework.orm.jpa.AbstractEntityManagerFactoryBean [main] Initialized JPA EntityManagerFactory for persistence unit 'default'
2023-04-20 03:32:50,289 WARN org.springframework.boot.autoconfigure.orm.jpa.JpaBaseConfiguration$JpaWebConfiguration [main] spring.jpa.open-in-view is enabled by default. Therefore, database queries may be performed during view rendering. Explicitly configure spring.jpa.open-in-view to disable this warning
2023-04-20 03:32:50,480 INFO org.apache.juli.logging.DirectJDKLog [main] Starting ProtocolHandler ["http-nio-8080"]
2023-04-20 03:32:50,496 INFO org.springframework.boot.web.embedded.tomcat.TomcatWebServer [main] Tomcat started on port(s): 8080 (http) with context path ''
2023-04-20 03:32:50,502 INFO org.springframework.boot.StartupInfoLogger [main] Started SpringReviewApplication in 2.954 seconds (process running for 3.191)
2023-04-20 03:33:01,409 INFO org.springframework.orm.jpa.AbstractEntityManagerFactoryBean [SpringApplicationShutdownHook] Closing JPA EntityManagerFactory for persistence unit 'default'
2023-04-20 03:33:01,411 INFO com.zaxxer.hikari.HikariDataSource [SpringApplicationShutdownHook] HikariPool-1 - Shutdown initiated...
2023-04-20 03:33:01,419 INFO com.zaxxer.hikari.HikariDataSource [SpringApplicationShutdownHook] HikariPool-1 - Shutdown completed.
2023-04-20 03:33:03,009 INFO org.hibernate.validator.internal.util.Version [background-preinit] HV000001: Hibernate Validator 8.0.0.Final
2023-04-20 03:33:03,040 INFO org.springframework.boot.StartupInfoLogger [main] Starting SpringReviewApplication using Java 19.0.2 with PID 8336 (E:\Projects\Java project\Spring with intelij\review-project\target\classes started by USER in E:\Projects\Java project\Spring with intelij\review-project)
2023-04-20 03:33:03,041 INFO org.springframework.boot.SpringApplication [main] No active profile set, falling back to 1 default profile: "default"
2023-04-20 03:33:03,492 INFO org.springframework.data.repository.config.RepositoryConfigurationDelegate [main] Bootstrapping Spring Data JPA repositories in DEFAULT mode.
2023-04-20 03:33:03,542 INFO org.springframework.data.repository.config.RepositoryConfigurationDelegate [main] Finished Spring Data repository scanning in 42 ms. Found 4 JPA repository interfaces.
2023-04-20 03:33:03,922 INFO org.springframework.boot.web.embedded.tomcat.TomcatWebServer [main] Tomcat initialized with port(s): 8080 (http)
2023-04-20 03:33:03,928 INFO org.apache.juli.logging.DirectJDKLog [main] Initializing ProtocolHandler ["http-nio-8080"]
2023-04-20 03:33:03,929 INFO org.apache.juli.logging.DirectJDKLog [main] Starting service [Tomcat]
2023-04-20 03:33:03,929 INFO org.apache.juli.logging.DirectJDKLog [main] Starting Servlet engine: [Apache Tomcat/10.1.7]
2023-04-20 03:33:03,986 INFO org.apache.juli.logging.DirectJDKLog [main] Initializing Spring embedded WebApplicationContext
2023-04-20 03:33:03,987 INFO org.springframework.boot.web.servlet.context.ServletWebServerApplicationContext [main] Root WebApplicationContext: initialization completed in 914 ms
2023-04-20 03:33:04,081 INFO org.hibernate.jpa.internal.util.LogHelper [main] HHH000204: Processing PersistenceUnitInfo [name: default]
2023-04-20 03:33:04,118 INFO org.hibernate.Version [main] HHH000412: Hibernate ORM core version 6.1.7.Final
2023-04-20 03:33:04,293 INFO com.zaxxer.hikari.HikariDataSource [main] HikariPool-1 - Starting...
2023-04-20 03:33:04,481 INFO com.zaxxer.hikari.pool.HikariPool [main] HikariPool-1 - Added connection com.mysql.cj.jdbc.ConnectionImpl@699e0bf0
2023-04-20 03:33:04,484 INFO com.zaxxer.hikari.HikariDataSource [main] HikariPool-1 - Start completed.
2023-04-20 03:33:04,511 INFO org.hibernate.engine.jdbc.dialect.internal.DialectFactoryImpl [main] HHH000400: Using dialect: org.hibernate.dialect.MariaDBDialect
2023-04-20 03:33:05,068 INFO org.hibernate.engine.transaction.jta.platform.internal.JtaPlatformInitiator [main] HHH000490: Using JtaPlatform implementation: [org.hibernate.engine.transaction.jta.platform.internal.NoJtaPlatform]
2023-04-20 03:33:05,073 INFO org.springframework.orm.jpa.AbstractEntityManagerFactoryBean [main] Initialized JPA EntityManagerFactory for persistence unit 'default'
2023-04-20 03:33:05,382 WARN org.springframework.boot.autoconfigure.orm.jpa.JpaBaseConfiguration$JpaWebConfiguration [main] spring.jpa.open-in-view is enabled by default. Therefore, database queries may be performed during view rendering. Explicitly configure spring.jpa.open-in-view to disable this warning
2023-04-20 03:33:05,579 INFO org.apache.juli.logging.DirectJDKLog [main] Starting ProtocolHandler ["http-nio-8080"]
2023-04-20 03:33:05,593 INFO org.springframework.boot.web.embedded.tomcat.TomcatWebServer [main] Tomcat started on port(s): 8080 (http) with context path ''
2023-04-20 03:33:05,598 INFO org.springframework.boot.StartupInfoLogger [main] Started SpringReviewApplication in 2.925 seconds (process running for 3.153)
2023-04-20 03:33:33,560 INFO org.springframework.orm.jpa.AbstractEntityManagerFactoryBean [SpringApplicationShutdownHook] Closing JPA EntityManagerFactory for persistence unit 'default'
2023-04-20 03:33:33,561 INFO com.zaxxer.hikari.HikariDataSource [SpringApplicationShutdownHook] HikariPool-1 - Shutdown initiated...
2023-04-20 03:33:33,569 INFO com.zaxxer.hikari.HikariDataSource [SpringApplicationShutdownHook] HikariPool-1 - Shutdown completed.
2023-04-20 03:33:35,125 INFO org.hibernate.validator.internal.util.Version [background-preinit] HV000001: Hibernate Validator 8.0.0.Final
2023-04-20 03:33:35,160 INFO org.springframework.boot.StartupInfoLogger [main] Starting SpringReviewApplication using Java 19.0.2 with PID 9540 (E:\Projects\Java project\Spring with intelij\review-project\target\classes started by USER in E:\Projects\Java project\Spring with intelij\review-project)
2023-04-20 03:33:35,161 INFO org.springframework.boot.SpringApplication [main] No active profile set, falling back to 1 default profile: "default"
2023-04-20 03:33:35,582 INFO org.springframework.data.repository.config.RepositoryConfigurationDelegate [main] Bootstrapping Spring Data JPA repositories in DEFAULT mode.
2023-04-20 03:33:35,631 INFO org.springframework.data.repository.config.RepositoryConfigurationDelegate [main] Finished Spring Data repository scanning in 44 ms. Found 4 JPA repository interfaces.
2023-04-20 03:33:36,022 INFO org.springframework.boot.web.embedded.tomcat.TomcatWebServer [main] Tomcat initialized with port(s): 8080 (http)
2023-04-20 03:33:36,028 INFO org.apache.juli.logging.DirectJDKLog [main] Initializing ProtocolHandler ["http-nio-8080"]
2023-04-20 03:33:36,028 INFO org.apache.juli.logging.DirectJDKLog [main] Starting service [Tomcat]
2023-04-20 03:33:36,028 INFO org.apache.juli.logging.DirectJDKLog [main] Starting Servlet engine: [Apache Tomcat/10.1.7]
2023-04-20 03:33:36,081 INFO org.apache.juli.logging.DirectJDKLog [main] Initializing Spring embedded WebApplicationContext
2023-04-20 03:33:36,082 INFO org.springframework.boot.web.servlet.context.ServletWebServerApplicationContext [main] Root WebApplicationContext: initialization completed in 886 ms
2023-04-20 03:33:36,190 INFO org.flywaydb.core.internal.logging.slf4j.Slf4jLog [main] Flyway Community Edition 9.16.1 by Redgate
2023-04-20 03:33:36,190 INFO org.flywaydb.core.internal.logging.slf4j.Slf4jLog [main] See release notes here: https://rd.gt/416ObMi
2023-04-20 03:33:36,190 INFO org.flywaydb.core.internal.logging.slf4j.Slf4jLog [main] 
2023-04-20 03:33:36,196 INFO com.zaxxer.hikari.HikariDataSource [main] HikariPool-1 - Starting...
2023-04-20 03:33:36,381 INFO com.zaxxer.hikari.pool.HikariPool [main] HikariPool-1 - Added connection com.mysql.cj.jdbc.ConnectionImpl@1bd8afc8
2023-04-20 03:33:36,383 INFO com.zaxxer.hikari.HikariDataSource [main] HikariPool-1 - Start completed.
2023-04-20 03:33:36,387 WARN org.springframework.context.support.AbstractApplicationContext [main] Exception encountered during context initialization - cancelling refresh attempt: org.springframework.beans.factory.BeanCreationException: Error creating bean with name 'flywayInitializer' defined in class path resource [org/springframework/boot/autoconfigure/flyway/FlywayAutoConfiguration$FlywayConfiguration.class]: Unsupported Database: MySQL 8.0
2023-04-20 03:33:36,388 INFO com.zaxxer.hikari.HikariDataSource [main] HikariPool-1 - Shutdown initiated...
2023-04-20 03:33:36,390 INFO com.zaxxer.hikari.HikariDataSource [main] HikariPool-1 - Shutdown completed.
2023-04-20 03:33:36,392 INFO org.apache.juli.logging.DirectJDKLog [main] Stopping service [Tomcat]
2023-04-20 03:33:36,398 INFO org.springframework.boot.autoconfigure.logging.ConditionEvaluationReportLogger [main] 

Error starting ApplicationContext. To display the condition evaluation report re-run your application with 'debug' enabled.
2023-04-20 03:33:36,409 ERROR org.springframework.boot.SpringApplication [main] Application run failed
org.springframework.beans.factory.BeanCreationException: Error creating bean with name 'flywayInitializer' defined in class path resource [org/springframework/boot/autoconfigure/flyway/FlywayAutoConfiguration$FlywayConfiguration.class]: Unsupported Database: MySQL 8.0
	at org.springframework.beans.factory.support.AbstractAutowireCapableBeanFactory.initializeBean(AbstractAutowireCapableBeanFactory.java:1770)
	at org.springframework.beans.factory.support.AbstractAutowireCapableBeanFactory.doCreateBean(AbstractAutowireCapableBeanFactory.java:598)
	at org.springframework.beans.factory.support.AbstractAutowireCapableBeanFactory.createBean(AbstractAutowireCapableBeanFactory.java:520)
	at org.springframework.beans.factory.support.AbstractBeanFactory.lambda$doGetBean$0(AbstractBeanFactory.java:326)
	at org.springframework.beans.factory.support.DefaultSingletonBeanRegistry.getSingleton(DefaultSingletonBeanRegistry.java:234)
	at org.springframework.beans.factory.support.AbstractBeanFactory.doGetBean(AbstractBeanFactory.java:324)
	at org.springframework.beans.factory.support.AbstractBeanFactory.getBean(AbstractBeanFactory.java:200)
	at org.springframework.beans.factory.support.AbstractBeanFactory.doGetBean(AbstractBeanFactory.java:313)
	at org.springframework.beans.factory.support.AbstractBeanFactory.getBean(AbstractBeanFactory.java:200)
	at org.springframework.context.support.AbstractApplicationContext.getBean(AbstractApplicationContext.java:1132)
	at org.springframework.context.support.AbstractApplicationContext.finishBeanFactoryInitialization(AbstractApplicationContext.java:907)
	at org.springframework.context.support.AbstractApplicationContext.refresh(AbstractApplicationContext.java:584)
	at org.springframework.boot.web.servlet.context.ServletWebServerApplicationContext.refresh(ServletWebServerApplicationContext.java:146)
	at org.springframework.boot.SpringApplication.refresh(SpringApplication.java:732)
	at org.springframework.boot.SpringApplication.refreshContext(SpringApplication.java:434)
	at org.springframework.boot.SpringApplication.run(SpringApplication.java:310)
	at org.springframework.boot.SpringApplication.run(SpringApplication.java:1304)
	at org.springframework.boot.SpringApplication.run(SpringApplication.java:1293)
	at com.global.springreview.SpringReviewApplication.main(SpringReviewApplication.java:10)
Caused by: org.flywaydb.core.api.FlywayException: Unsupported Database: MySQL 8.0
	at org.flywaydb.core.internal.database.DatabaseTypeRegister.getDatabaseTypeForConnection(DatabaseTypeRegister.java:105)
	at org.flywaydb.core.internal.jdbc.JdbcConnectionFactory.<init>(JdbcConnectionFactory.java:75)
	at org.flywaydb.core.FlywayExecutor.execute(FlywayExecutor.java:140)
	at org.flywaydb.core.Flyway.migrate(Flyway.java:140)
	at org.springframework.boot.autoconfigure.flyway.FlywayMigrationInitializer.afterPropertiesSet(FlywayMigrationInitializer.java:66)
	at org.springframework.beans.factory.support.AbstractAutowireCapableBeanFactory.invokeInitMethods(AbstractAutowireCapableBeanFactory.java:1816)
	at org.springframework.beans.factory.support.AbstractAutowireCapableBeanFactory.initializeBean(AbstractAutowireCapableBeanFactory.java:1766)
	... 18 common frames omitted
2023-04-20 03:36:44,096 INFO org.hibernate.validator.internal.util.Version [background-preinit] HV000001: Hibernate Validator 8.0.0.Final
2023-04-20 03:36:44,127 INFO org.springframework.boot.StartupInfoLogger [main] Starting SpringReviewApplication using Java 19.0.2 with PID 19688 (E:\Projects\Java project\Spring with intelij\review-project\target\classes started by USER in E:\Projects\Java project\Spring with intelij\review-project)
2023-04-20 03:36:44,128 INFO org.springframework.boot.SpringApplication [main] No active profile set, falling back to 1 default profile: "default"
2023-04-20 03:36:44,580 INFO org.springframework.data.repository.config.RepositoryConfigurationDelegate [main] Bootstrapping Spring Data JPA repositories in DEFAULT mode.
2023-04-20 03:36:44,627 INFO org.springframework.data.repository.config.RepositoryConfigurationDelegate [main] Finished Spring Data repository scanning in 39 ms. Found 4 JPA repository interfaces.
2023-04-20 03:36:45,017 INFO org.springframework.boot.web.embedded.tomcat.TomcatWebServer [main] Tomcat initialized with port(s): 8080 (http)
2023-04-20 03:36:45,023 INFO org.apache.juli.logging.DirectJDKLog [main] Initializing ProtocolHandler ["http-nio-8080"]
2023-04-20 03:36:45,024 INFO org.apache.juli.logging.DirectJDKLog [main] Starting service [Tomcat]
2023-04-20 03:36:45,024 INFO org.apache.juli.logging.DirectJDKLog [main] Starting Servlet engine: [Apache Tomcat/10.1.7]
2023-04-20 03:36:45,077 INFO org.apache.juli.logging.DirectJDKLog [main] Initializing Spring embedded WebApplicationContext
2023-04-20 03:36:45,078 INFO org.springframework.boot.web.servlet.context.ServletWebServerApplicationContext [main] Root WebApplicationContext: initialization completed in 918 ms
2023-04-20 03:36:45,172 INFO org.flywaydb.core.internal.logging.slf4j.Slf4jLog [main] Flyway Community Edition 9.5.1 by Redgate
2023-04-20 03:36:45,172 INFO org.flywaydb.core.internal.logging.slf4j.Slf4jLog [main] See what's new here: https://flywaydb.org/documentation/learnmore/releaseNotes#9.5.1
2023-04-20 03:36:45,172 INFO org.flywaydb.core.internal.logging.slf4j.Slf4jLog [main] 
2023-04-20 03:36:45,177 INFO com.zaxxer.hikari.HikariDataSource [main] HikariPool-1 - Starting...
2023-04-20 03:36:45,359 INFO com.zaxxer.hikari.pool.HikariPool [main] HikariPool-1 - Added connection com.mysql.cj.jdbc.ConnectionImpl@6aa7e176
2023-04-20 03:36:45,361 INFO com.zaxxer.hikari.HikariDataSource [main] HikariPool-1 - Start completed.
2023-04-20 03:36:45,365 WARN org.springframework.context.support.AbstractApplicationContext [main] Exception encountered during context initialization - cancelling refresh attempt: org.springframework.beans.factory.BeanCreationException: Error creating bean with name 'flywayInitializer' defined in class path resource [org/springframework/boot/autoconfigure/flyway/FlywayAutoConfiguration$FlywayConfiguration.class]: Unsupported Database: MySQL 8.0
2023-04-20 03:36:45,365 INFO com.zaxxer.hikari.HikariDataSource [main] HikariPool-1 - Shutdown initiated...
2023-04-20 03:36:45,368 INFO com.zaxxer.hikari.HikariDataSource [main] HikariPool-1 - Shutdown completed.
2023-04-20 03:36:45,369 INFO org.apache.juli.logging.DirectJDKLog [main] Stopping service [Tomcat]
2023-04-20 03:36:45,376 INFO org.springframework.boot.autoconfigure.logging.ConditionEvaluationReportLogger [main] 

Error starting ApplicationContext. To display the condition evaluation report re-run your application with 'debug' enabled.
2023-04-20 03:36:45,387 ERROR org.springframework.boot.SpringApplication [main] Application run failed
org.springframework.beans.factory.BeanCreationException: Error creating bean with name 'flywayInitializer' defined in class path resource [org/springframework/boot/autoconfigure/flyway/FlywayAutoConfiguration$FlywayConfiguration.class]: Unsupported Database: MySQL 8.0
	at org.springframework.beans.factory.support.AbstractAutowireCapableBeanFactory.initializeBean(AbstractAutowireCapableBeanFactory.java:1770)
	at org.springframework.beans.factory.support.AbstractAutowireCapableBeanFactory.doCreateBean(AbstractAutowireCapableBeanFactory.java:598)
	at org.springframework.beans.factory.support.AbstractAutowireCapableBeanFactory.createBean(AbstractAutowireCapableBeanFactory.java:520)
	at org.springframework.beans.factory.support.AbstractBeanFactory.lambda$doGetBean$0(AbstractBeanFactory.java:326)
	at org.springframework.beans.factory.support.DefaultSingletonBeanRegistry.getSingleton(DefaultSingletonBeanRegistry.java:234)
	at org.springframework.beans.factory.support.AbstractBeanFactory.doGetBean(AbstractBeanFactory.java:324)
	at org.springframework.beans.factory.support.AbstractBeanFactory.getBean(AbstractBeanFactory.java:200)
	at org.springframework.beans.factory.support.AbstractBeanFactory.doGetBean(AbstractBeanFactory.java:313)
	at org.springframework.beans.factory.support.AbstractBeanFactory.getBean(AbstractBeanFactory.java:200)
	at org.springframework.context.support.AbstractApplicationContext.getBean(AbstractApplicationContext.java:1132)
	at org.springframework.context.support.AbstractApplicationContext.finishBeanFactoryInitialization(AbstractApplicationContext.java:907)
	at org.springframework.context.support.AbstractApplicationContext.refresh(AbstractApplicationContext.java:584)
	at org.springframework.boot.web.servlet.context.ServletWebServerApplicationContext.refresh(ServletWebServerApplicationContext.java:146)
	at org.springframework.boot.SpringApplication.refresh(SpringApplication.java:732)
	at org.springframework.boot.SpringApplication.refreshContext(SpringApplication.java:434)
	at org.springframework.boot.SpringApplication.run(SpringApplication.java:310)
	at org.springframework.boot.SpringApplication.run(SpringApplication.java:1304)
	at org.springframework.boot.SpringApplication.run(SpringApplication.java:1293)
	at com.global.springreview.SpringReviewApplication.main(SpringReviewApplication.java:10)
Caused by: org.flywaydb.core.api.FlywayException: Unsupported Database: MySQL 8.0
	at org.flywaydb.core.internal.database.DatabaseTypeRegister.getDatabaseTypeForConnection(DatabaseTypeRegister.java:105)
	at org.flywaydb.core.internal.jdbc.JdbcConnectionFactory.<init>(JdbcConnectionFactory.java:76)
	at org.flywaydb.core.FlywayExecutor.execute(FlywayExecutor.java:146)
	at org.flywaydb.core.Flyway.migrate(Flyway.java:128)
	at org.springframework.boot.autoconfigure.flyway.FlywayMigrationInitializer.afterPropertiesSet(FlywayMigrationInitializer.java:66)
	at org.springframework.beans.factory.support.AbstractAutowireCapableBeanFactory.invokeInitMethods(AbstractAutowireCapableBeanFactory.java:1816)
	at org.springframework.beans.factory.support.AbstractAutowireCapableBeanFactory.initializeBean(AbstractAutowireCapableBeanFactory.java:1766)
	... 18 common frames omitted
2023-04-20 03:38:27,157 INFO org.hibernate.validator.internal.util.Version [background-preinit] HV000001: Hibernate Validator 8.0.0.Final
2023-04-20 03:38:27,184 INFO org.springframework.boot.StartupInfoLogger [main] Starting SpringReviewApplication using Java 19.0.2 with PID 20712 (E:\Projects\Java project\Spring with intelij\review-project\target\classes started by USER in E:\Projects\Java project\Spring with intelij\review-project)
2023-04-20 03:38:27,185 INFO org.springframework.boot.SpringApplication [main] No active profile set, falling back to 1 default profile: "default"
2023-04-20 03:38:27,620 INFO org.springframework.data.repository.config.RepositoryConfigurationDelegate [main] Bootstrapping Spring Data JPA repositories in DEFAULT mode.
2023-04-20 03:38:27,669 INFO org.springframework.data.repository.config.RepositoryConfigurationDelegate [main] Finished Spring Data repository scanning in 45 ms. Found 4 JPA repository interfaces.
2023-04-20 03:38:28,080 INFO org.springframework.boot.web.embedded.tomcat.TomcatWebServer [main] Tomcat initialized with port(s): 8080 (http)
2023-04-20 03:38:28,087 INFO org.apache.juli.logging.DirectJDKLog [main] Initializing ProtocolHandler ["http-nio-8080"]
2023-04-20 03:38:28,087 INFO org.apache.juli.logging.DirectJDKLog [main] Starting service [Tomcat]
2023-04-20 03:38:28,088 INFO org.apache.juli.logging.DirectJDKLog [main] Starting Servlet engine: [Apache Tomcat/10.1.7]
2023-04-20 03:38:28,142 INFO org.apache.juli.logging.DirectJDKLog [main] Initializing Spring embedded WebApplicationContext
2023-04-20 03:38:28,143 INFO org.springframework.boot.web.servlet.context.ServletWebServerApplicationContext [main] Root WebApplicationContext: initialization completed in 921 ms
2023-04-20 03:38:28,246 INFO org.flywaydb.core.internal.logging.slf4j.Slf4jLog [main] Flyway Community Edition 9.5.1 by Redgate
2023-04-20 03:38:28,246 INFO org.flywaydb.core.internal.logging.slf4j.Slf4jLog [main] See what's new here: https://flywaydb.org/documentation/learnmore/releaseNotes#9.5.1
2023-04-20 03:38:28,247 INFO org.flywaydb.core.internal.logging.slf4j.Slf4jLog [main] 
2023-04-20 03:38:28,254 INFO com.zaxxer.hikari.HikariDataSource [main] HikariPool-1 - Starting...
2023-04-20 03:38:28,459 INFO com.zaxxer.hikari.pool.HikariPool [main] HikariPool-1 - Added connection com.mysql.cj.jdbc.ConnectionImpl@75882261
2023-04-20 03:38:28,460 INFO com.zaxxer.hikari.HikariDataSource [main] HikariPool-1 - Start completed.
2023-04-20 03:38:28,482 INFO org.flywaydb.core.internal.logging.slf4j.Slf4jLog [main] Database: jdbc:mysql://localhost:3306/hr-review (MySQL 8.0)
2023-04-20 03:38:28,515 INFO org.flywaydb.core.internal.logging.slf4j.Slf4jLog [main] Successfully validated 1 migration (execution time 00:00.011s)
2023-04-20 03:38:28,534 INFO org.flywaydb.core.internal.logging.slf4j.Slf4jLog [main] Creating Schema History table `hr-review`.`flyway_schema_history` with baseline ...
2023-04-20 03:38:28,575 INFO org.flywaydb.core.internal.logging.slf4j.Slf4jLog [main] Successfully baselined schema with version: 1
2023-04-20 03:38:28,586 INFO org.flywaydb.core.internal.logging.slf4j.Slf4jLog [main] Current version of schema `hr-review`: 1
2023-04-20 03:38:28,587 INFO org.flywaydb.core.internal.logging.slf4j.Slf4jLog [main] Schema `hr-review` is up to date. No migration necessary.
2023-04-20 03:38:28,656 INFO org.hibernate.jpa.internal.util.LogHelper [main] HHH000204: Processing PersistenceUnitInfo [name: default]
2023-04-20 03:38:28,718 INFO org.hibernate.Version [main] HHH000412: Hibernate ORM core version 6.1.7.Final
2023-04-20 03:38:28,924 INFO org.hibernate.engine.jdbc.dialect.internal.DialectFactoryImpl [main] HHH000400: Using dialect: org.hibernate.dialect.MariaDBDialect
2023-04-20 03:38:29,471 INFO org.hibernate.engine.transaction.jta.platform.internal.JtaPlatformInitiator [main] HHH000490: Using JtaPlatform implementation: [org.hibernate.engine.transaction.jta.platform.internal.NoJtaPlatform]
2023-04-20 03:38:29,477 INFO org.springframework.orm.jpa.AbstractEntityManagerFactoryBean [main] Initialized JPA EntityManagerFactory for persistence unit 'default'
2023-04-20 03:38:29,777 WARN org.springframework.boot.autoconfigure.orm.jpa.JpaBaseConfiguration$JpaWebConfiguration [main] spring.jpa.open-in-view is enabled by default. Therefore, database queries may be performed during view rendering. Explicitly configure spring.jpa.open-in-view to disable this warning
2023-04-20 03:38:29,966 INFO org.apache.juli.logging.DirectJDKLog [main] Starting ProtocolHandler ["http-nio-8080"]
2023-04-20 03:38:29,980 INFO org.springframework.boot.web.embedded.tomcat.TomcatWebServer [main] Tomcat started on port(s): 8080 (http) with context path ''
2023-04-20 03:38:29,985 INFO org.springframework.boot.StartupInfoLogger [main] Started SpringReviewApplication in 3.141 seconds (process running for 3.366)
2023-04-20 03:54:46,649 INFO org.springframework.orm.jpa.AbstractEntityManagerFactoryBean [SpringApplicationShutdownHook] Closing JPA EntityManagerFactory for persistence unit 'default'
2023-04-20 03:54:46,650 INFO com.zaxxer.hikari.HikariDataSource [SpringApplicationShutdownHook] HikariPool-1 - Shutdown initiated...
2023-04-20 03:54:46,655 INFO com.zaxxer.hikari.HikariDataSource [SpringApplicationShutdownHook] HikariPool-1 - Shutdown completed.
2023-04-20 19:45:57,649 INFO org.hibernate.validator.internal.util.Version [background-preinit] HV000001: Hibernate Validator 8.0.0.Final
2023-04-20 19:45:57,676 INFO org.springframework.boot.StartupInfoLogger [main] Starting SpringReviewApplication using Java 19.0.2 with PID 13008 (E:\Projects\Java project\Spring with intelij\review-project\target\classes started by USER in E:\Projects\Java project\Spring with intelij\review-project)
2023-04-20 19:45:57,677 INFO org.springframework.boot.SpringApplication [main] No active profile set, falling back to 1 default profile: "default"
2023-04-20 19:45:58,193 INFO org.springframework.data.repository.config.RepositoryConfigurationDelegate [main] Bootstrapping Spring Data JPA repositories in DEFAULT mode.
2023-04-20 19:45:58,241 INFO org.springframework.data.repository.config.RepositoryConfigurationDelegate [main] Finished Spring Data repository scanning in 42 ms. Found 4 JPA repository interfaces.
2023-04-20 19:45:58,658 INFO org.springframework.boot.web.embedded.tomcat.TomcatWebServer [main] Tomcat initialized with port(s): 8080 (http)
2023-04-20 19:45:58,667 INFO org.apache.juli.logging.DirectJDKLog [main] Initializing ProtocolHandler ["http-nio-8080"]
2023-04-20 19:45:58,668 INFO org.apache.juli.logging.DirectJDKLog [main] Starting service [Tomcat]
2023-04-20 19:45:58,668 INFO org.apache.juli.logging.DirectJDKLog [main] Starting Servlet engine: [Apache Tomcat/10.1.7]
2023-04-20 19:45:58,729 INFO org.apache.juli.logging.DirectJDKLog [main] Initializing Spring embedded WebApplicationContext
2023-04-20 19:45:58,730 INFO org.springframework.boot.web.servlet.context.ServletWebServerApplicationContext [main] Root WebApplicationContext: initialization completed in 1020 ms
2023-04-20 19:45:58,843 INFO org.flywaydb.core.internal.logging.slf4j.Slf4jLog [main] Flyway Community Edition 9.5.1 by Redgate
2023-04-20 19:45:58,843 INFO org.flywaydb.core.internal.logging.slf4j.Slf4jLog [main] See what's new here: https://flywaydb.org/documentation/learnmore/releaseNotes#9.5.1
2023-04-20 19:45:58,843 INFO org.flywaydb.core.internal.logging.slf4j.Slf4jLog [main] 
2023-04-20 19:45:58,848 INFO com.zaxxer.hikari.HikariDataSource [main] HikariPool-1 - Starting...
2023-04-20 19:45:59,098 INFO com.zaxxer.hikari.pool.HikariPool [main] HikariPool-1 - Added connection com.mysql.cj.jdbc.ConnectionImpl@35025a0a
2023-04-20 19:45:59,099 INFO com.zaxxer.hikari.HikariDataSource [main] HikariPool-1 - Start completed.
2023-04-20 19:45:59,119 INFO org.flywaydb.core.internal.logging.slf4j.Slf4jLog [main] Database: jdbc:mysql://localhost:3306/hr-review (MySQL 8.0)
2023-04-20 19:45:59,152 INFO org.flywaydb.core.internal.logging.slf4j.Slf4jLog [main] Successfully validated 2 migrations (execution time 00:00.015s)
2023-04-20 19:45:59,162 INFO org.flywaydb.core.internal.logging.slf4j.Slf4jLog [main] Current version of schema `hr-review`: 1
2023-04-20 19:45:59,162 INFO org.flywaydb.core.internal.logging.slf4j.Slf4jLog [main] Schema `hr-review` is up to date. No migration necessary.
2023-04-20 19:45:59,222 INFO org.hibernate.jpa.internal.util.LogHelper [main] HHH000204: Processing PersistenceUnitInfo [name: default]
2023-04-20 19:45:59,270 INFO org.hibernate.Version [main] HHH000412: Hibernate ORM core version 6.1.7.Final
2023-04-20 19:45:59,515 INFO org.hibernate.engine.jdbc.dialect.internal.DialectFactoryImpl [main] HHH000400: Using dialect: org.hibernate.dialect.MariaDBDialect
2023-04-20 19:46:00,062 INFO org.hibernate.engine.transaction.jta.platform.internal.JtaPlatformInitiator [main] HHH000490: Using JtaPlatform implementation: [org.hibernate.engine.transaction.jta.platform.internal.NoJtaPlatform]
2023-04-20 19:46:00,068 INFO org.springframework.orm.jpa.AbstractEntityManagerFactoryBean [main] Initialized JPA EntityManagerFactory for persistence unit 'default'
2023-04-20 19:46:00,356 WARN org.springframework.boot.autoconfigure.orm.jpa.JpaBaseConfiguration$JpaWebConfiguration [main] spring.jpa.open-in-view is enabled by default. Therefore, database queries may be performed during view rendering. Explicitly configure spring.jpa.open-in-view to disable this warning
2023-04-20 19:46:00,549 INFO org.apache.juli.logging.DirectJDKLog [main] Starting ProtocolHandler ["http-nio-8080"]
2023-04-20 19:46:00,568 INFO org.springframework.boot.web.embedded.tomcat.TomcatWebServer [main] Tomcat started on port(s): 8080 (http) with context path ''
2023-04-20 19:46:00,574 INFO org.springframework.boot.StartupInfoLogger [main] Started SpringReviewApplication in 3.288 seconds (process running for 3.63)
2023-04-20 23:43:43,196 WARN com.zaxxer.hikari.pool.HikariPool$HouseKeeper [HikariPool-1 housekeeper] HikariPool-1 - Thread starvation or clock leap detected (housekeeper delta=3h35m43s970ms270µs400ns).
