2023-04-29 17:54:43,312 INFO org.hibernate.validator.internal.util.Version [background-preinit] HV000001: Hibernate Validator 8.0.0.Final
2023-04-29 17:54:43,339 INFO org.springframework.boot.StartupInfoLogger [main] Starting SpringReviewApplication using Java 19.0.2 with PID 6420 (E:\Projects\Java project\Spring with intelij\review-project\target\classes started by USER in E:\Projects\Java project\Spring with intelij\review-project)
2023-04-29 17:54:43,341 INFO org.springframework.boot.SpringApplication [main] No active profile set, falling back to 1 default profile: "default"
2023-04-29 17:54:43,869 INFO org.springframework.data.repository.config.RepositoryConfigurationDelegate [main] Bootstrapping Spring Data JPA repositories in DEFAULT mode.
2023-04-29 17:54:43,913 INFO org.springframework.data.repository.config.RepositoryConfigurationDelegate [main] Finished Spring Data repository scanning in 39 ms. Found 4 JPA repository interfaces.
2023-04-29 17:54:44,327 INFO org.springframework.boot.web.embedded.tomcat.TomcatWebServer [main] Tomcat initialized with port(s): 8080 (http)
2023-04-29 17:54:44,334 INFO org.apache.juli.logging.DirectJDKLog [main] Initializing ProtocolHandler ["http-nio-8080"]
2023-04-29 17:54:44,334 INFO org.apache.juli.logging.DirectJDKLog [main] Starting service [Tomcat]
2023-04-29 17:54:44,334 INFO org.apache.juli.logging.DirectJDKLog [main] Starting Servlet engine: [Apache Tomcat/10.1.7]
2023-04-29 17:54:44,392 INFO org.apache.juli.logging.DirectJDKLog [main] Initializing Spring embedded WebApplicationContext
2023-04-29 17:54:44,393 INFO org.springframework.boot.web.servlet.context.ServletWebServerApplicationContext [main] Root WebApplicationContext: initialization completed in 1020 ms
2023-04-29 17:54:44,512 INFO org.flywaydb.core.internal.logging.slf4j.Slf4jLog [main] Flyway Community Edition 9.5.1 by Redgate
2023-04-29 17:54:44,512 INFO org.flywaydb.core.internal.logging.slf4j.Slf4jLog [main] See what's new here: https://flywaydb.org/documentation/learnmore/releaseNotes#9.5.1
2023-04-29 17:54:44,512 INFO org.flywaydb.core.internal.logging.slf4j.Slf4jLog [main] 
2023-04-29 17:54:44,520 INFO com.zaxxer.hikari.HikariDataSource [main] HikariPool-1 - Starting...
2023-04-29 17:54:44,792 INFO com.zaxxer.hikari.pool.HikariPool [main] HikariPool-1 - Added connection com.mysql.cj.jdbc.ConnectionImpl@35025a0a
2023-04-29 17:54:44,792 INFO com.zaxxer.hikari.HikariDataSource [main] HikariPool-1 - Start completed.
2023-04-29 17:54:44,812 INFO org.flywaydb.core.internal.logging.slf4j.Slf4jLog [main] Database: jdbc:mysql://localhost:3306/hr-review (MySQL 8.0)
2023-04-29 17:54:44,842 INFO org.flywaydb.core.internal.logging.slf4j.Slf4jLog [main] Successfully validated 2 migrations (execution time 00:00.013s)
2023-04-29 17:54:44,851 INFO org.flywaydb.core.internal.logging.slf4j.Slf4jLog [main] Current version of schema `hr-review`: 1
2023-04-29 17:54:44,851 INFO org.flywaydb.core.internal.logging.slf4j.Slf4jLog [main] Schema `hr-review` is up to date. No migration necessary.
2023-04-29 17:54:44,913 INFO org.hibernate.jpa.internal.util.LogHelper [main] HHH000204: Processing PersistenceUnitInfo [name: default]
2023-04-29 17:54:44,974 INFO org.hibernate.Version [main] HHH000412: Hibernate ORM core version 6.1.7.Final
2023-04-29 17:54:45,222 INFO org.hibernate.engine.jdbc.dialect.internal.DialectFactoryImpl [main] HHH000400: Using dialect: org.hibernate.dialect.MariaDBDialect
2023-04-29 17:54:45,790 INFO org.hibernate.engine.transaction.jta.platform.internal.JtaPlatformInitiator [main] HHH000490: Using JtaPlatform implementation: [org.hibernate.engine.transaction.jta.platform.internal.NoJtaPlatform]
2023-04-29 17:54:45,797 INFO org.springframework.orm.jpa.AbstractEntityManagerFactoryBean [main] Initialized JPA EntityManagerFactory for persistence unit 'default'
2023-04-29 17:54:46,100 WARN org.springframework.boot.autoconfigure.orm.jpa.JpaBaseConfiguration$JpaWebConfiguration [main] spring.jpa.open-in-view is enabled by default. Therefore, database queries may be performed during view rendering. Explicitly configure spring.jpa.open-in-view to disable this warning
2023-04-29 17:54:46,306 INFO org.apache.juli.logging.DirectJDKLog [main] Starting ProtocolHandler ["http-nio-8080"]
2023-04-29 17:54:46,321 INFO org.springframework.boot.web.embedded.tomcat.TomcatWebServer [main] Tomcat started on port(s): 8080 (http) with context path ''
2023-04-29 17:54:46,326 INFO org.springframework.boot.StartupInfoLogger [main] Started SpringReviewApplication in 3.393 seconds (process running for 3.736)
2023-04-29 23:12:58,009 WARN com.zaxxer.hikari.pool.HikariPool$HouseKeeper [HikariPool-1 housekeeper] HikariPool-1 - Thread starvation or clock leap detected (housekeeper delta=4h24m12s992ms884µs800ns).
